> # k = 1
> knn_pred = classify(dataset, n_runs=5, dist=euclidean_dist)
[1] "Run  1"
[1] "Correct classification rate"
[1] 71.11111
[1] "Confusion Matrix"
         
best.pred  0  1  2  3  4  5  6  7  8
        0 19  0  0  0  0  0  2  1  1
        1  0 18  0  0  5  1  0  1  1
        2  1  0 29  2  0  1  2  0  1
        3  2  0  0 23  0  4  3  0  1
        4  0  3  0  1 18  2  0  5  0
        5  3  3  0  2  2 15  0  0  1
        6  1  0  2  3  0  2 24  1  2
        7  0  0  0  0  2  0  0 23  3
        8  0  2  1  1  0  4  2  1 23
[1] "Run  2"
[1] "Run  3"
[1] "Correct classification rate"
[1] 74.81481
[1] "Confusion Matrix"
         
best.pred  0  1  2  3  4  5  6  7  8
        0 20  0  1  1  0  0  0  0  0
        1  0 28  1  0  5  1  0  1  1
        2  0  0 27  2  1  0  0  1  1
        3  2  0  1 20  0  1  1  0  1
        4  0  2  2  1 23  2  0  1  0
        5  1  1  1  5  0 16  4  2  2
        6  2  0  2  0  0  0 25  0  0
        7  0  2  1  0  1  0  0 23  1
        8  0  0  1  1  0  2  6  3 20
[1] "Run  4"
[1] "Run  5"
[1] "Mean Prediction Percentage:  72.0740740740741"