> # k = 1
> knn_pred = classify(dataset, n_runs=10, dist=manhattan_dist)
[1] "Run  1"
[1] "Correct classification rate"
[1] 78.51852
[1] "Confusion Matrix"
         
best.pred  0  1  2  3  4  5  6  7  8
        0 24  0  0  1  0  0  0  0  0
        1  0 25  0  0  4  0  0  0  1
        2  1  0 25  0  0  1  0  2  2
        3  1  0  0 24  0  1  2  0  1
        4  0  6  1  2 27  0  0  2  0
        5  0  0  0  2  2 23  1  0  1
        6  0  0  3  3  0  1 25  0  1
        7  0  3  2  0  2  1  0 19  1
        8  0  0  2  1  0  0  0  4 20
[1] "Run  2"
[1] "Run  3"
[1] "Run  4"
[1] "Run  5"
[1] "Correct classification rate"
[1] 81.85185
[1] "Confusion Matrix"
         
best.pred  0  1  2  3  4  5  6  7  8
        0 23  0  0  0  0  1  1  0  0
        1  0 27  2  0  1  0  0  2  0
        2  0  0 28  1  0  0  0  1  0
        3  3  0  0 25  0  2  0  0  0
        4  0  3  2  0 24  0  0  2  0
        5  1  1  1  0  3 23  0  1  4
        6  0  0  0  1  0  0 16  0  1
        7  0  0  0  0  0  2  0 28  4
        8  0  0  3  2  0  2  1  1 27
[1] "Run  6"
[1] "Run  7"
[1] "Run  8"
[1] "Run  9"
[1] "Run  10"
[1] "Mean Prediction Percentage:  76.7777777777778"