=== Run information ===

Scheme:weka.classifiers.lazy.IBk -K 1 -W 0 -A "weka.core.neighboursearch.LinearNNSearch -A \"weka.core.ManhattanDistance -R first-last\""
Relation:     handGestures
Instances:    900
Attributes:   141
[list of attributes omitted]
Test mode:10-fold cross-validation

=== Classifier model (full training set) ===

IB1 instance-based classifier
using 1 nearest neighbour(s) for classification


Time taken to build model: 0 seconds

=== Stratified cross-validation ===
=== Summary ===

Correctly Classified Instances         715               79.4444 %
Incorrectly Classified Instances       185               20.5556 %
Kappa statistic                          0.7688
Mean absolute error                      0.0473
Root mean squared error                  0.2126
Relative absolute error                 23.9698 %
Root relative squared error             67.6416 %
Total Number of Instances              900     

=== Detailed Accuracy By Class ===

               TP Rate   FP Rate   Precision   Recall  F-Measure   ROC Area  Class
                 0.84      0.015      0.875     0.84      0.857      0.913    0
                 0.84      0.02       0.84      0.84      0.84       0.91     1
                 0.83      0.016      0.865     0.83      0.847      0.907    2
                 0.75      0.023      0.806     0.75      0.777      0.864    3
                 0.83      0.025      0.806     0.83      0.818      0.903    4
                 0.75      0.038      0.714     0.75      0.732      0.856    5
                 0.83      0.031      0.769     0.83      0.798      0.899    6
                 0.78      0.021      0.821     0.78      0.8        0.879    7
                 0.7       0.043      0.673     0.7       0.686      0.829    8
Weighted Avg.    0.794     0.026      0.797     0.794     0.795      0.884

=== Confusion Matrix ===

  a  b  c  d  e  f  g  h  i   <-- classified as
 84  0  0  5  0  3  7  0  1 |  a = 0
  0 84  0  0  8  3  0  2  3 |  b = 1
  1  1 83  0  2  3  4  3  3 |  c = 2
  6  0  3 75  1  7  5  0  3 |  d = 3
  0  7  0  0 83  4  0  6  0 |  e = 4
  1  3  2  5  1 75  2  2  9 |  f = 5
  3  0  0  5  0  0 83  0  9 |  g = 6
  0  1  5  0  8  2  0 78  6 |  h = 7
  1  4  3  3  0  8  7  4 70 |  i = 8

