=== Run information ===

Scheme:weka.classifiers.lazy.IBk -K 2 -W 0 -A "weka.core.neighboursearch.LinearNNSearch -A \"weka.core.ManhattanDistance -R first-last\""
Relation:     handGestures
Instances:    900
Attributes:   141
[list of attributes omitted]
Test mode:10-fold cross-validation

=== Classifier model (full training set) ===

IB1 instance-based classifier
using 2 nearest neighbour(s) for classification


Time taken to build model: 0 seconds

=== Stratified cross-validation ===
=== Summary ===

Correctly Classified Instances         706               78.4444 %
Incorrectly Classified Instances       194               21.5556 %
Kappa statistic                          0.7575
Mean absolute error                      0.052 
Root mean squared error                  0.1881
Relative absolute error                 26.3467 %
Root relative squared error             59.8578 %
Total Number of Instances              900     

=== Detailed Accuracy By Class ===

               TP Rate   FP Rate   Precision   Recall  F-Measure   ROC Area  Class
                 0.94      0.028      0.81      0.94      0.87       0.966    0
                 0.89      0.034      0.767     0.89      0.824      0.939    1
                 0.85      0.031      0.773     0.85      0.81       0.928    2
                 0.82      0.034      0.752     0.82      0.785      0.921    3
                 0.85      0.035      0.752     0.85      0.798      0.948    4
                 0.68      0.031      0.731     0.68      0.705      0.891    5
                 0.8       0.021      0.825     0.8       0.812      0.947    6
                 0.68      0.014      0.861     0.68      0.76       0.933    7
                 0.55      0.015      0.821     0.55      0.659      0.87     8
Weighted Avg.    0.784     0.027      0.788     0.784     0.78       0.927

=== Confusion Matrix ===

  a  b  c  d  e  f  g  h  i   <-- classified as
 94  0  0  2  0  2  2  0  0 |  a = 0
  0 89  0  0  7  0  0  1  3 |  b = 1
  3  3 85  0  0  2  4  2  1 |  c = 2
  8  0  3 82  1  3  3  0  0 |  d = 3
  0 12  2  0 85  0  0  1  0 |  e = 4
  3  3  2 11  5 68  2  1  5 |  f = 5
  5  0  1 12  0  1 80  0  1 |  g = 6
  1  5  8  0 14  2  0 68  2 |  h = 7
  2  4  9  2  1 15  6  6 55 |  i = 8

