=== Run information ===

Scheme:weka.classifiers.lazy.IBk -K 2 -W 0 -A "weka.core.neighboursearch.LinearNNSearch -A \"weka.core.EuclideanDistance -R first-last\""
Relation:     handGestures
Instances:    900
Attributes:   141
[list of attributes omitted]
Test mode:10-fold cross-validation

=== Classifier model (full training set) ===

IB1 instance-based classifier
using 2 nearest neighbour(s) for classification


Time taken to build model: 0 seconds

=== Stratified cross-validation ===
=== Summary ===

Correctly Classified Instances         642               71.3333 %
Incorrectly Classified Instances       258               28.6667 %
Kappa statistic                          0.6775
Mean absolute error                      0.0665
Root mean squared error                  0.2168
Relative absolute error                 33.6809 %
Root relative squared error             68.9876 %
Total Number of Instances              900     

=== Detailed Accuracy By Class ===

               TP Rate   FP Rate   Precision   Recall  F-Measure   ROC Area  Class
                 0.88      0.033      0.772     0.88      0.822      0.933    0
                 0.9       0.051      0.687     0.9       0.779      0.937    1
                 0.79      0.036      0.731     0.79      0.76       0.909    2
                 0.76      0.045      0.679     0.76      0.717      0.891    3
                 0.76      0.053      0.644     0.76      0.697      0.908    4
                 0.65      0.045      0.644     0.65      0.647      0.86     5
                 0.65      0.029      0.739     0.65      0.691      0.903    6
                 0.57      0.019      0.792     0.57      0.663      0.881    7
                 0.46      0.013      0.821     0.46      0.59       0.843    8
Weighted Avg.    0.713     0.036      0.723     0.713     0.707      0.896

=== Confusion Matrix ===

  a  b  c  d  e  f  g  h  i   <-- classified as
 88  1  2  3  0  2  4  0  0 |  a = 0
  0 90  1  0  4  1  0  3  1 |  b = 1
  4  8 79  0  2  2  5  0  0 |  c = 2
 10  0  4 76  1  4  5  0  0 |  d = 3
  0 16  2  0 76  1  1  3  1 |  e = 4
  2  6  2  9  8 65  2  2  4 |  f = 5
  6  0  4 19  0  4 65  0  2 |  g = 6
  1  5  5  0 27  3  0 57  2 |  h = 7
  3  5  9  5  0 19  6  7 46 |  i = 8

