=== Run information ===

Scheme:weka.classifiers.lazy.IBk -K 3 -W 0 -A "weka.core.neighboursearch.LinearNNSearch -A \"weka.core.EuclideanDistance -R first-last\""
Relation:     handGestures
Instances:    900
Attributes:   141
[list of attributes omitted]
Test mode:10-fold cross-validation

=== Classifier model (full training set) ===

IB1 instance-based classifier
using 3 nearest neighbour(s) for classification


Time taken to build model: 0 seconds

=== Stratified cross-validation ===
=== Summary ===

Correctly Classified Instances         644               71.5556 %
Incorrectly Classified Instances       256               28.4444 %
Kappa statistic                          0.68  
Mean absolute error                      0.0729
Root mean squared error                  0.2116
Relative absolute error                 36.9004 %
Root relative squared error             67.3447 %
Total Number of Instances              900     

=== Detailed Accuracy By Class ===

               TP Rate   FP Rate   Precision   Recall  F-Measure   ROC Area  Class
                 0.84      0.031      0.771     0.84      0.804      0.948    0
                 0.84      0.054      0.661     0.84      0.74       0.942    1
                 0.79      0.033      0.752     0.79      0.771      0.922    2
                 0.73      0.034      0.73      0.73      0.73       0.913    3
                 0.74      0.049      0.655     0.74      0.695      0.923    4
                 0.62      0.033      0.705     0.62      0.66       0.884    5
                 0.77      0.033      0.748     0.77      0.759      0.922    6
                 0.61      0.023      0.772     0.61      0.682      0.891    7
                 0.5       0.033      0.658     0.5       0.568      0.848    8
Weighted Avg.    0.716     0.036      0.717     0.716     0.712      0.91 

=== Confusion Matrix ===

  a  b  c  d  e  f  g  h  i   <-- classified as
 84  1  2  5  0  1  6  0  1 |  a = 0
  0 84  1  0 10  1  0  1  3 |  b = 1
  2  6 79  0  1  1  4  3  4 |  c = 2
 10  1  2 73  1  5  7  1  0 |  d = 3
  0 15  1  0 74  2  1  6  1 |  e = 4
  2  7  2  6 10 62  2  2  7 |  f = 5
  4  0  2 11  0  1 77  0  5 |  g = 6
  1  8  7  0 16  2  0 61  5 |  h = 7
  6  5  9  5  1 13  6  5 50 |  i = 8

