=== Run information ===

Scheme:weka.classifiers.functions.LibSVM -S 0 -K 2 -D 3 -G 0.0 -R 0.0 -N 0.5 -M 40.0 -C 1.0 -E 0.001 -P 0.1 -seed 1
Relation:     handGestures
Instances:    900
Attributes:   141
[list of attributes omitted]
Test mode:10-fold cross-validation

=== Classifier model (full training set) ===

LibSVM wrapper, original code by Yasser EL-Manzalawy (= WLSVM)

Time taken to build model: 1.84 seconds

=== Stratified cross-validation ===
=== Summary ===

Correctly Classified Instances         126               14      %
Incorrectly Classified Instances       774               86      %
Kappa statistic                          0.0325
Mean absolute error                      0.1911
Root mean squared error                  0.4372
Relative absolute error                 96.75   %
Root relative squared error            139.1043 %
Total Number of Instances              900     

=== Detailed Accuracy By Class ===

               TP Rate   FP Rate   Precision   Recall  F-Measure   ROC Area  Class
                 0.04      0          1         0.04      0.077      0.52     0
                 0.02      0.001      0.667     0.02      0.039      0.509    1
                 0.8       0.776      0.114     0.8       0.2        0.512    2
                 0.03      0.001      0.75      0.03      0.058      0.514    3
                 0.19      0.184      0.114     0.19      0.143      0.503    4
                 0.02      0          1         0.02      0.039      0.51     5
                 0.04      0.003      0.667     0.04      0.075      0.519    6
                 0.04      0.001      0.8       0.04      0.076      0.519    7
                 0.08      0.001      0.889     0.08      0.147      0.539    8
Weighted Avg.    0.14      0.108      0.667     0.14      0.095      0.516

=== Confusion Matrix ===

  a  b  c  d  e  f  g  h  i   <-- classified as
  4  0 76  0 19  0  1  0  0 |  a = 0
  0  2 80  0 18  0  0  0  0 |  b = 1
  0  0 80  0 20  0  0  0  0 |  c = 2
  0  0 78  3 19  0  0  0  0 |  d = 3
  0  1 80  0 19  0  0  0  0 |  e = 4
  0  0 78  0 19  2  0  1  0 |  f = 5
  0  0 77  1 17  0  4  0  1 |  g = 6
  0  0 78  0 18  0  0  4  0 |  h = 7
  0  0 74  0 17  0  1  0  8 |  i = 8

