=== Run information ===

Scheme:weka.classifiers.functions.LibSVM -S 0 -K 1 -D 3 -G 0.0 -R 0.0 -N 0.5 -M 40.0 -C 1.0 -E 0.001 -P 0.1 -seed 1
Relation:     handGestures
Instances:    900
Attributes:   141
[list of attributes omitted]
Test mode:10-fold cross-validation

=== Classifier model (full training set) ===

LibSVM wrapper, original code by Yasser EL-Manzalawy (= WLSVM)

Time taken to build model: 66.8 seconds

=== Stratified cross-validation ===
=== Summary ===

Correctly Classified Instances         509               56.5556 %
Incorrectly Classified Instances       391               43.4444 %
Kappa statistic                          0.5113
Mean absolute error                      0.0965
Root mean squared error                  0.3107
Relative absolute error                 48.875  %
Root relative squared error             98.8686 %
Total Number of Instances              900     

=== Detailed Accuracy By Class ===

               TP Rate   FP Rate   Precision   Recall  F-Measure   ROC Area  Class
                 0.61      0.044      0.635     0.61      0.622      0.783    0
                 0.49      0.059      0.51      0.49      0.5        0.716    1
                 0.65      0.059      0.58      0.65      0.613      0.796    2
                 0.54      0.033      0.675     0.54      0.6        0.754    3
                 0.56      0.044      0.615     0.56      0.586      0.758    4
                 0.54      0.058      0.54      0.54      0.54       0.741    5
                 0.64      0.061      0.566     0.64      0.601      0.789    6
                 0.49      0.058      0.516     0.49      0.503      0.716    7
                 0.57      0.075      0.487     0.57      0.525      0.748    8
Weighted Avg.    0.566     0.054      0.57      0.566     0.566      0.756

=== Confusion Matrix ===

  a  b  c  d  e  f  g  h  i   <-- classified as
 61  0  8  9  1  1 16  0  4 |  a = 0
  0 49  1  0 19  4  0 25  2 |  b = 1
  1  1 65  1  1  6  8  3 14 |  c = 2
 12  2  6 54  0  5 13  0  8 |  d = 3
  0 18  5  0 56  2  1 16  2 |  e = 4
  3  2  9  5  3 54  2  2 20 |  f = 5
 16  0  2  8  1  3 64  0  6 |  g = 6
  0 24  9  1 10  3  0 49  4 |  h = 7
  3  0  7  2  0 22  9  0 57 |  i = 8

