=== Run information ===

Scheme:weka.classifiers.functions.LibSVM -S 0 -K 1 -D 3 -G 0.0 -R 0.0 -N 0.5 -M 40.0 -C 1.0 -E 0.001 -P 0.1 -Z -seed 1
Relation:     handGestures
Instances:    900
Attributes:   141
[list of attributes omitted]
Test mode:10-fold cross-validation

=== Classifier model (full training set) ===

LibSVM wrapper, original code by Yasser EL-Manzalawy (= WLSVM)

Time taken to build model: 1.53 seconds

=== Stratified cross-validation ===
=== Summary ===

Correctly Classified Instances         359               39.8889 %
Incorrectly Classified Instances       541               60.1111 %
Kappa statistic                          0.3238
Mean absolute error                      0.1336
Root mean squared error                  0.3655
Relative absolute error                 67.625  %
Root relative squared error            116.297  %
Total Number of Instances              900     

=== Detailed Accuracy By Class ===

               TP Rate   FP Rate   Precision   Recall  F-Measure   ROC Area  Class
                 0.61      0.03       0.718     0.61      0.659      0.79     0
                 0.4       0.024      0.678     0.4       0.503      0.688    1
                 0.62      0.045      0.633     0.62      0.626      0.788    2
                 0.76      0.19       0.333     0.76      0.463      0.785    3
                 0.9       0.333      0.253     0.9       0.395      0.784    4
                 0.12      0.044      0.255     0.12      0.163      0.538    5
                 0.09      0          1         0.09      0.165      0.545    6
                 0.07      0.008      0.538     0.07      0.124      0.531    7
                 0.02      0.004      0.4       0.02      0.038      0.508    8
Weighted Avg.    0.399     0.075      0.534     0.399     0.349      0.662

=== Confusion Matrix ===

  a  b  c  d  e  f  g  h  i   <-- classified as
 61  0  6 19  5  8  0  0  1 |  a = 0
  1 40  3  0 56  0  0  0  0 |  b = 1
  5  5 62  1 21  6  0  0  0 |  c = 2
  4  0  3 76 16  1  0  0  0 |  d = 3
  0  4  0  4 90  0  0  2  0 |  e = 4
  0  1  4 36 44 12  0  2  1 |  f = 5
  8  0  5 60  6 11  9  0  1 |  g = 6
  0  8  4  1 80  0  0  7  0 |  h = 7
  6  1 11 31 38  9  0  2  2 |  i = 8

