safe(void,22,39)
safe(void,21,39)
safe(void,23,39)
safe(void,22,38)
safe(void,22,40)
move_to(void,22,38)
safe(void,21,38)
safe(void,23,38)
safe(void,22,37)
move_to(void,22,37)
potential_danger(void,21,37)
safe(void,23,37)
safe(void,22,36)
move_to(void,22,36)
safe(void,23,36)
potential_danger(void,21,36)
actual_danger(monster,21,36)
attack_monster(void,21,36)
safe(void,21,36)
move_to(void,21,36)
actual_danger(hole,21,37)
safe(void,20,36)
safe(void,21,35)
move_to(void,20,36)
item(heart,20,36)
item(rupee,20,36)
item(sword,20,36)
safe(void,20,37)
safe(void,19,36)
pickup_item(rupee,20,36)
pickup_item(heart,20,36)
pickup_item(sword,20,36)
move_to(void,20,37)
item(sword,20,37)
safe(void,20,38)
safe(void,19,37)
pickup_item(sword,20,37)
won(void,20,37)





