=== Run information ===

Scheme:weka.classifiers.trees.J48 -C 0.1 -M 2
Relation:     handGestures
Instances:    900
Attributes:   491
[list of attributes omitted]
Test mode:10-fold cross-validation

=== Classifier model (full training set) ===

J48 pruned tree
------------------

ellipse_angle34 <= 95.781319
|   fixpt_depth23 <= 95.5625
|   |   hu_moment_620 <= 0.000037
|   |   |   centroid_y19 <= 170
|   |   |   |   ellipse_angle29 <= 7.052647
|   |   |   |   |   fixpt_depth17 <= 14.921875: 2 (3.0/2.0)
|   |   |   |   |   fixpt_depth17 > 14.921875
|   |   |   |   |   |   fixpt_depth11 <= 135.625
|   |   |   |   |   |   |   centroid_x21 <= 75: 8 (2.0)
|   |   |   |   |   |   |   centroid_x21 > 75: 5 (10.0/1.0)
|   |   |   |   |   |   fixpt_depth11 > 135.625: 6 (2.0)
|   |   |   |   ellipse_angle29 > 7.052647
|   |   |   |   |   hu_moment_126 <= 0.169975
|   |   |   |   |   |   contour_area_ratio12 <= 0.767751
|   |   |   |   |   |   |   centroid_x29 <= 239
|   |   |   |   |   |   |   |   aspect_ratio0 <= 0.877031: 3 (2.0)
|   |   |   |   |   |   |   |   aspect_ratio0 > 0.877031: 4 (2.0/1.0)
|   |   |   |   |   |   |   centroid_x29 > 239: 0 (5.0)
|   |   |   |   |   |   contour_area_ratio12 > 0.767751
|   |   |   |   |   |   |   centroid_x17 <= 239
|   |   |   |   |   |   |   |   rectangle_area_ratio25 <= 0.874409: 2 (15.0)
|   |   |   |   |   |   |   |   rectangle_area_ratio25 > 0.874409: 8 (3.0/1.0)
|   |   |   |   |   |   |   centroid_x17 > 239
|   |   |   |   |   |   |   |   hu_moment_40 <= 0.00002: 8 (4.0)
|   |   |   |   |   |   |   |   hu_moment_40 > 0.00002: 6 (2.0)
|   |   |   |   |   hu_moment_126 > 0.169975
|   |   |   |   |   |   contour_area_ratio5 <= 0.729115
|   |   |   |   |   |   |   centroid_x34 <= 169
|   |   |   |   |   |   |   |   hu_moment_428 <= 0.000028: 5 (5.0)
|   |   |   |   |   |   |   |   hu_moment_428 > 0.000028: 8 (4.0)
|   |   |   |   |   |   |   centroid_x34 > 169
|   |   |   |   |   |   |   |   contour_area_ratio10 <= 0.748045
|   |   |   |   |   |   |   |   |   hu_moment_627 <= 0.000021
|   |   |   |   |   |   |   |   |   |   contour_area_ratio34 <= 0.756319
|   |   |   |   |   |   |   |   |   |   |   contour_area_ratio0 <= 0.62129: 4 (3.0/1.0)
|   |   |   |   |   |   |   |   |   |   |   contour_area_ratio0 > 0.62129
|   |   |   |   |   |   |   |   |   |   |   |   hu_moment_413 <= 0.000082: 7 (12.0/1.0)
|   |   |   |   |   |   |   |   |   |   |   |   hu_moment_413 > 0.000082: 1 (2.0/1.0)
|   |   |   |   |   |   |   |   |   |   contour_area_ratio34 > 0.756319
|   |   |   |   |   |   |   |   |   |   |   ellipse_angle34 <= 39.02076
|   |   |   |   |   |   |   |   |   |   |   |   fixpt_depth15 <= 55.175781: 1 (2.0/1.0)
|   |   |   |   |   |   |   |   |   |   |   |   fixpt_depth15 > 55.175781
|   |   |   |   |   |   |   |   |   |   |   |   |   hu_moment_329 <= 0.000696: 5 (8.0)
|   |   |   |   |   |   |   |   |   |   |   |   |   hu_moment_329 > 0.000696: 3 (5.0/1.0)
|   |   |   |   |   |   |   |   |   |   |   ellipse_angle34 > 39.02076
|   |   |   |   |   |   |   |   |   |   |   |   fixpt_depth0 <= 115: 1 (5.0)
|   |   |   |   |   |   |   |   |   |   |   |   fixpt_depth0 > 115: 4 (3.0)
|   |   |   |   |   |   |   |   |   hu_moment_627 > 0.000021: 4 (2.0/1.0)
|   |   |   |   |   |   |   |   contour_area_ratio10 > 0.748045
|   |   |   |   |   |   |   |   |   hu_moment_333 <= 0.000197: 2 (3.0)
|   |   |   |   |   |   |   |   |   hu_moment_333 > 0.000197: 1 (7.0/1.0)
|   |   |   |   |   |   contour_area_ratio5 > 0.729115
|   |   |   |   |   |   |   hu_moment_41 <= 0.000063
|   |   |   |   |   |   |   |   centroid_y24 <= 110
|   |   |   |   |   |   |   |   |   fixpt_depth15 <= 39.949219: 0 (3.0/1.0)
|   |   |   |   |   |   |   |   |   fixpt_depth15 > 39.949219
|   |   |   |   |   |   |   |   |   |   centroid_y29 <= 115: 2 (5.0)
|   |   |   |   |   |   |   |   |   |   centroid_y29 > 115: 4 (2.0)
|   |   |   |   |   |   |   |   centroid_y24 > 110
|   |   |   |   |   |   |   |   |   centroid_x11 <= 213
|   |   |   |   |   |   |   |   |   |   hu_moment_318 <= 0.000534
|   |   |   |   |   |   |   |   |   |   |   aspect_ratio34 <= 1.704656
|   |   |   |   |   |   |   |   |   |   |   |   rectangle_area_ratio7 <= 0.839175: 2 (23.0)
|   |   |   |   |   |   |   |   |   |   |   |   rectangle_area_ratio7 > 0.839175: 1 (2.0)
|   |   |   |   |   |   |   |   |   |   |   aspect_ratio34 > 1.704656
|   |   |   |   |   |   |   |   |   |   |   |   hu_moment_331 <= 0.000202: 2 (2.0)
|   |   |   |   |   |   |   |   |   |   |   |   hu_moment_331 > 0.000202: 1 (15.0)
|   |   |   |   |   |   |   |   |   |   hu_moment_318 > 0.000534: 1 (37.0)
|   |   |   |   |   |   |   |   |   centroid_x11 > 213
|   |   |   |   |   |   |   |   |   |   hu_moment_40 <= 0.000037
|   |   |   |   |   |   |   |   |   |   |   hu_moment_12 <= 0.183853
|   |   |   |   |   |   |   |   |   |   |   |   hu_moment_233 <= 0.002347
|   |   |   |   |   |   |   |   |   |   |   |   |   centroid_y33 <= 166: 7 (5.0)
|   |   |   |   |   |   |   |   |   |   |   |   |   centroid_y33 > 166: 0 (5.0/2.0)
|   |   |   |   |   |   |   |   |   |   |   |   hu_moment_233 > 0.002347
|   |   |   |   |   |   |   |   |   |   |   |   |   centroid_x11 <= 262
|   |   |   |   |   |   |   |   |   |   |   |   |   |   fixpt_depth34 <= 128.0625
|   |   |   |   |   |   |   |   |   |   |   |   |   |   |   hu_moment_11 <= 0.169058
|   |   |   |   |   |   |   |   |   |   |   |   |   |   |   |   aspect_ratio0 <= 0.944223: 1 (2.0)
|   |   |   |   |   |   |   |   |   |   |   |   |   |   |   |   aspect_ratio0 > 0.944223: 7 (3.0)
|   |   |   |   |   |   |   |   |   |   |   |   |   |   |   hu_moment_11 > 0.169058: 1 (23.0/1.0)
|   |   |   |   |   |   |   |   |   |   |   |   |   |   fixpt_depth34 > 128.0625: 7 (2.0)
|   |   |   |   |   |   |   |   |   |   |   |   |   centroid_x11 > 262: 2 (2.0/1.0)
|   |   |   |   |   |   |   |   |   |   |   hu_moment_12 > 0.183853: 8 (3.0)
|   |   |   |   |   |   |   |   |   |   hu_moment_40 > 0.000037
|   |   |   |   |   |   |   |   |   |   |   hu_moment_45 <= 0.000055: 2 (4.0/2.0)
|   |   |   |   |   |   |   |   |   |   |   hu_moment_45 > 0.000055: 5 (2.0/1.0)
|   |   |   |   |   |   |   hu_moment_41 > 0.000063
|   |   |   |   |   |   |   |   contour_area_ratio23 <= 0.828174
|   |   |   |   |   |   |   |   |   ellipse_angle0 <= 33.551785: 4 (2.0/1.0)
|   |   |   |   |   |   |   |   |   ellipse_angle0 > 33.551785: 8 (3.0)
|   |   |   |   |   |   |   |   contour_area_ratio23 > 0.828174: 2 (5.0)
|   |   |   centroid_y19 > 170
|   |   |   |   centroid_y33 <= 172
|   |   |   |   |   centroid_y33 <= 170
|   |   |   |   |   |   aspect_ratio0 <= 0.786872: 3 (2.0)
|   |   |   |   |   |   aspect_ratio0 > 0.786872: 7 (2.0)
|   |   |   |   |   centroid_y33 > 170: 0 (3.0)
|   |   |   |   centroid_y33 > 172: 2 (25.0/1.0)
|   |   hu_moment_620 > 0.000037: 7 (10.0/1.0)
|   fixpt_depth23 > 95.5625
|   |   centroid_y34 <= 109
|   |   |   hu_moment_431 <= 0.000041
|   |   |   |   fixpt_depth0 <= 72.625: 0 (3.0/1.0)
|   |   |   |   fixpt_depth0 > 72.625
|   |   |   |   |   centroid_y2 <= 107: 5 (6.0/1.0)
|   |   |   |   |   centroid_y2 > 107: 3 (10.0)
|   |   |   hu_moment_431 > 0.000041: 2 (3.0/2.0)
|   |   centroid_y34 > 109
|   |   |   aspect_ratio8 <= 1.767074
|   |   |   |   aspect_ratio2 <= 0.640969
|   |   |   |   |   hu_moment_112 <= 0.181899: 1 (3.0)
|   |   |   |   |   hu_moment_112 > 0.181899: 7 (18.0)
|   |   |   |   aspect_ratio2 > 0.640969
|   |   |   |   |   ellipse_angle30 <= 29.951288
|   |   |   |   |   |   centroid_x10 <= 127
|   |   |   |   |   |   |   centroid_y20 <= 132: 7 (7.0)
|   |   |   |   |   |   |   centroid_y20 > 132: 8 (3.0)
|   |   |   |   |   |   centroid_x10 > 127
|   |   |   |   |   |   |   centroid_x17 <= 139
|   |   |   |   |   |   |   |   hu_moment_33 <= 0.000312: 3 (4.0)
|   |   |   |   |   |   |   |   hu_moment_33 > 0.000312: 5 (5.0/1.0)
|   |   |   |   |   |   |   centroid_x17 > 139
|   |   |   |   |   |   |   |   hu_moment_414 <= 0.000064
|   |   |   |   |   |   |   |   |   ellipse_angle5 <= 54.353405
|   |   |   |   |   |   |   |   |   |   contour_area_ratio16 <= 0.811143
|   |   |   |   |   |   |   |   |   |   |   contour_area_ratio30 <= 0.699021: 8 (5.0)
|   |   |   |   |   |   |   |   |   |   |   contour_area_ratio30 > 0.699021
|   |   |   |   |   |   |   |   |   |   |   |   fixpt_depth13 <= 105.742188: 8 (2.0)
|   |   |   |   |   |   |   |   |   |   |   |   fixpt_depth13 > 105.742188: 5 (12.0/1.0)
|   |   |   |   |   |   |   |   |   |   contour_area_ratio16 > 0.811143: 4 (6.0/1.0)
|   |   |   |   |   |   |   |   |   ellipse_angle5 > 54.353405
|   |   |   |   |   |   |   |   |   |   rectangle_area_ratio3 <= 0.743464: 1 (2.0)
|   |   |   |   |   |   |   |   |   |   rectangle_area_ratio3 > 0.743464
|   |   |   |   |   |   |   |   |   |   |   rectangle_area_ratio4 <= 0.816316: 4 (15.0)
|   |   |   |   |   |   |   |   |   |   |   rectangle_area_ratio4 > 0.816316: 5 (2.0)
|   |   |   |   |   |   |   |   hu_moment_414 > 0.000064: 5 (3.0)
|   |   |   |   |   ellipse_angle30 > 29.951288
|   |   |   |   |   |   aspect_ratio30 <= 0.85654: 3 (3.0/1.0)
|   |   |   |   |   |   aspect_ratio30 > 0.85654
|   |   |   |   |   |   |   fixpt_depth31 <= 66.238281
|   |   |   |   |   |   |   |   aspect_ratio5 <= 0.915612: 4 (3.0/1.0)
|   |   |   |   |   |   |   |   aspect_ratio5 > 0.915612: 7 (14.0/2.0)
|   |   |   |   |   |   |   fixpt_depth31 > 66.238281
|   |   |   |   |   |   |   |   rectangle_area_ratio2 <= 0.860642
|   |   |   |   |   |   |   |   |   centroid_x1 <= 85: 7 (4.0/1.0)
|   |   |   |   |   |   |   |   |   centroid_x1 > 85
|   |   |   |   |   |   |   |   |   |   hu_moment_228 <= 0.000365: 5 (2.0)
|   |   |   |   |   |   |   |   |   |   hu_moment_228 > 0.000365: 4 (61.0/5.0)
|   |   |   |   |   |   |   |   rectangle_area_ratio2 > 0.860642: 7 (4.0)
|   |   |   aspect_ratio8 > 1.767074
|   |   |   |   ellipse_angle30 <= 34.013775: 8 (19.0/1.0)
|   |   |   |   ellipse_angle30 > 34.013775: 7 (15.0/1.0)
ellipse_angle34 > 95.781319
|   contour_area_ratio7 <= 0.783175
|   |   hu_moment_129 <= 0.168419
|   |   |   fixpt_depth12 <= 69.082031: 0 (3.0/2.0)
|   |   |   fixpt_depth12 > 69.082031
|   |   |   |   hu_moment_321 <= 0.000649
|   |   |   |   |   centroid_y18 <= 140: 3 (29.0)
|   |   |   |   |   centroid_y18 > 140: 4 (2.0)
|   |   |   |   hu_moment_321 > 0.000649: 4 (2.0)
|   |   hu_moment_129 > 0.168419
|   |   |   aspect_ratio2 <= 1.469685
|   |   |   |   hu_moment_132 <= 0.19965
|   |   |   |   |   centroid_y22 <= 159
|   |   |   |   |   |   centroid_y7 <= 152
|   |   |   |   |   |   |   rectangle_area_ratio4 <= 0.698892
|   |   |   |   |   |   |   |   centroid_y9 <= 144: 0 (5.0)
|   |   |   |   |   |   |   |   centroid_y9 > 144: 3 (4.0/1.0)
|   |   |   |   |   |   |   rectangle_area_ratio4 > 0.698892
|   |   |   |   |   |   |   |   aspect_ratio15 <= 1.14346
|   |   |   |   |   |   |   |   |   hu_moment_331 <= 0.000099
|   |   |   |   |   |   |   |   |   |   hu_moment_333 <= 0.000197
|   |   |   |   |   |   |   |   |   |   |   contour_area_ratio0 <= 0.590224: 4 (2.0/1.0)
|   |   |   |   |   |   |   |   |   |   |   contour_area_ratio0 > 0.590224: 3 (6.0)
|   |   |   |   |   |   |   |   |   |   hu_moment_333 > 0.000197: 4 (2.0)
|   |   |   |   |   |   |   |   |   hu_moment_331 > 0.000099
|   |   |   |   |   |   |   |   |   |   hu_moment_133 <= 0.169469: 0 (2.0/1.0)
|   |   |   |   |   |   |   |   |   |   hu_moment_133 > 0.169469
|   |   |   |   |   |   |   |   |   |   |   contour_area_ratio2 <= 0.726247
|   |   |   |   |   |   |   |   |   |   |   |   contour_area_ratio27 <= 0.645896
|   |   |   |   |   |   |   |   |   |   |   |   |   aspect_ratio10 <= 0.82764
|   |   |   |   |   |   |   |   |   |   |   |   |   |   rectangle_area_ratio10 <= 0.79913: 3 (3.0)
|   |   |   |   |   |   |   |   |   |   |   |   |   |   rectangle_area_ratio10 > 0.79913: 6 (5.0)
|   |   |   |   |   |   |   |   |   |   |   |   |   aspect_ratio10 > 0.82764: 8 (6.0)
|   |   |   |   |   |   |   |   |   |   |   |   contour_area_ratio27 > 0.645896
|   |   |   |   |   |   |   |   |   |   |   |   |   centroid_x30 <= 249
|   |   |   |   |   |   |   |   |   |   |   |   |   |   centroid_x26 <= 117
|   |   |   |   |   |   |   |   |   |   |   |   |   |   |   centroid_y17 <= 111: 3 (3.0)
|   |   |   |   |   |   |   |   |   |   |   |   |   |   |   centroid_y17 > 111: 8 (3.0/1.0)
|   |   |   |   |   |   |   |   |   |   |   |   |   |   centroid_x26 > 117
|   |   |   |   |   |   |   |   |   |   |   |   |   |   |   centroid_y30 <= 109: 3 (2.0)
|   |   |   |   |   |   |   |   |   |   |   |   |   |   |   centroid_y30 > 109
|   |   |   |   |   |   |   |   |   |   |   |   |   |   |   |   ellipse_angle2 <= 165.261002: 5 (36.0)
|   |   |   |   |   |   |   |   |   |   |   |   |   |   |   |   ellipse_angle2 > 165.261002
|   |   |   |   |   |   |   |   |   |   |   |   |   |   |   |   |   contour_area_ratio0 <= 0.71254: 3 (2.0/1.0)
|   |   |   |   |   |   |   |   |   |   |   |   |   |   |   |   |   contour_area_ratio0 > 0.71254: 5 (2.0/1.0)
|   |   |   |   |   |   |   |   |   |   |   |   |   centroid_x30 > 249
|   |   |   |   |   |   |   |   |   |   |   |   |   |   centroid_y34 <= 62: 6 (11.0/1.0)
|   |   |   |   |   |   |   |   |   |   |   |   |   |   centroid_y34 > 62: 8 (2.0)
|   |   |   |   |   |   |   |   |   |   |   contour_area_ratio2 > 0.726247
|   |   |   |   |   |   |   |   |   |   |   |   centroid_x2 <= 160: 5 (3.0)
|   |   |   |   |   |   |   |   |   |   |   |   centroid_x2 > 160: 3 (18.0/2.0)
|   |   |   |   |   |   |   |   aspect_ratio15 > 1.14346: 8 (5.0)
|   |   |   |   |   |   centroid_y7 > 152: 6 (7.0)
|   |   |   |   |   centroid_y22 > 159
|   |   |   |   |   |   centroid_y0 <= 149: 0 (2.0/1.0)
|   |   |   |   |   |   centroid_y0 > 149: 8 (6.0)
|   |   |   |   hu_moment_132 > 0.19965
|   |   |   |   |   aspect_ratio30 <= 0.443031: 6 (5.0)
|   |   |   |   |   aspect_ratio30 > 0.443031: 8 (17.0/2.0)
|   |   |   aspect_ratio2 > 1.469685
|   |   |   |   centroid_y2 <= 125
|   |   |   |   |   centroid_y7 <= 108: 6 (3.0/1.0)
|   |   |   |   |   centroid_y7 > 108: 3 (7.0)
|   |   |   |   centroid_y2 > 125
|   |   |   |   |   centroid_x3 <= 126: 2 (2.0/1.0)
|   |   |   |   |   centroid_x3 > 126: 6 (46.0/1.0)
|   contour_area_ratio7 > 0.783175
|   |   centroid_x11 <= 238
|   |   |   centroid_x1 <= 118
|   |   |   |   aspect_ratio5 <= 0.731481: 2 (3.0)
|   |   |   |   aspect_ratio5 > 0.731481: 5 (3.0/1.0)
|   |   |   centroid_x1 > 118
|   |   |   |   centroid_y2 <= 160
|   |   |   |   |   contour_area_ratio9 <= 0.712691: 6 (3.0)
|   |   |   |   |   contour_area_ratio9 > 0.712691: 0 (70.0)
|   |   |   |   centroid_y2 > 160: 6 (5.0/1.0)
|   |   centroid_x11 > 238
|   |   |   centroid_y14 <= 172
|   |   |   |   aspect_ratio15 <= 0.978903
|   |   |   |   |   fixpt_depth22 <= 33.539063
|   |   |   |   |   |   centroid_x24 <= 260: 2 (5.0)
|   |   |   |   |   |   centroid_x24 > 260: 8 (4.0/1.0)
|   |   |   |   |   fixpt_depth22 > 33.539063
|   |   |   |   |   |   fixpt_depth2 <= 37.09375: 3 (3.0)
|   |   |   |   |   |   fixpt_depth2 > 37.09375: 6 (8.0/2.0)
|   |   |   |   aspect_ratio15 > 0.978903: 1 (3.0/2.0)
|   |   |   centroid_y14 > 172: 0 (3.0)

Number of Leaves  :   121

Size of the tree :  241


Time taken to build model: 1.23 seconds

=== Stratified cross-validation ===
=== Summary ===

Correctly Classified Instances         483               53.6667 %
Incorrectly Classified Instances       417               46.3333 %
Kappa statistic                          0.4788
Mean absolute error                      0.1059
Root mean squared error                  0.3052
Relative absolute error                 53.6264 %
Root relative squared error             97.1174 %
Total Number of Instances              900     

=== Detailed Accuracy By Class ===

               TP Rate   FP Rate   Precision   Recall  F-Measure   ROC Area  Class
                 0.67      0.049      0.632     0.67      0.65       0.829    0
                 0.58      0.058      0.558     0.58      0.569      0.767    1
                 0.47      0.056      0.511     0.47      0.49       0.714    2
                 0.53      0.061      0.52      0.53      0.525      0.757    3
                 0.48      0.056      0.516     0.48      0.497      0.727    4
                 0.39      0.081      0.375     0.39      0.382      0.698    5
                 0.7       0.049      0.642     0.7       0.67       0.819    6
                 0.54      0.061      0.524     0.54      0.532      0.765    7
                 0.47      0.05       0.54      0.47      0.503      0.741    8
Weighted Avg.    0.537     0.058      0.535     0.537     0.535      0.757

=== Confusion Matrix ===

  a  b  c  d  e  f  g  h  i   <-- classified as
 67  3  9  6  1  2  9  1  2 |  a = 0
  3 58 13  0  7  6  3  9  1 |  b = 1
 10 10 47  3  2  6  4  7 11 |  c = 2
  6  2  4 53  6 10  9  3  7 |  d = 3
  4  8  3  8 48 17  0 10  2 |  e = 4
  3  7  4  9 16 39  6  9  7 |  f = 5
  6  1  3  7  2  5 70  1  5 |  g = 6
  4 12  6  5  8  5  1 54  5 |  h = 7
  3  3  3 11  3 14  7  9 47 |  i = 8

