=== Run information ===

Scheme:weka.classifiers.lazy.IBk -K 1 -W 0 -A "weka.core.neighboursearch.LinearNNSearch -A \"weka.core.ManhattanDistance -R first-last\""
Relation:     handGestures
Instances:    900
Attributes:   491
[list of attributes omitted]
Test mode:10-fold cross-validation

=== Classifier model (full training set) ===

IB1 instance-based classifier
using 1 nearest neighbour(s) for classification


Time taken to build model: 0 seconds

=== Stratified cross-validation ===
=== Summary ===

Correctly Classified Instances         658               73.1111 %
Incorrectly Classified Instances       242               26.8889 %
Kappa statistic                          0.6975
Mean absolute error                      0.0613
Root mean squared error                  0.2431
Relative absolute error                 31.0165 %
Root relative squared error             77.361  %
Total Number of Instances              900     

=== Detailed Accuracy By Class ===

               TP Rate   FP Rate   Precision   Recall  F-Measure   ROC Area  Class
                 0.85      0.016      0.867     0.85      0.859      0.917    0
                 0.79      0.029      0.775     0.79      0.782      0.881    1
                 0.72      0.03       0.75      0.72      0.735      0.845    2
                 0.73      0.034      0.73      0.73      0.73       0.848    3
                 0.66      0.029      0.742     0.66      0.698      0.816    4
                 0.67      0.061      0.578     0.67      0.62       0.804    5
                 0.79      0.028      0.782     0.79      0.786      0.881    6
                 0.74      0.021      0.813     0.74      0.775      0.859    7
                 0.63      0.055      0.589     0.63      0.609      0.788    8
Weighted Avg.    0.731     0.034      0.736     0.731     0.733      0.849

=== Confusion Matrix ===

  a  b  c  d  e  f  g  h  i   <-- classified as
 85  1  2  2  0  5  4  0  1 |  a = 0
  2 79  3  0  7  2  0  2  5 |  b = 1
  3  3 72  0  3  6  3  2  8 |  c = 2
  3  0  2 73  3 12  4  0  3 |  d = 3
  0 12  4  3 66  9  0  6  0 |  e = 4
  2  2  3 11  4 67  2  1  8 |  f = 5
  2  0  1  7  0  1 79  0 10 |  g = 6
  1  1  3  1  6  4  1 74  9 |  h = 7
  0  4  6  3  0 10  8  6 63 |  i = 8