Instances:    900
Attributes:   491
[list of attributes omitted]
Test mode:10-fold cross-validation

=== Classifier model (full training set) ===

IB1 instance-based classifier
using 2 nearest neighbour(s) for classification


Time taken to build model: 0 seconds

=== Stratified cross-validation ===
=== Summary ===

Correctly Classified Instances         643               71.4444 %
Incorrectly Classified Instances       257               28.5556 %
Kappa statistic                          0.6788
Mean absolute error                      0.0678
Root mean squared error                  0.2153
Relative absolute error                 34.3025 %
Root relative squared error             68.4981 %
Total Number of Instances              900     

=== Detailed Accuracy By Class ===

               TP Rate   FP Rate   Precision   Recall  F-Measure   ROC Area  Class
                 0.91      0.033      0.778     0.91      0.839      0.95     0
                 0.84      0.05       0.677     0.84      0.75       0.915    1
                 0.78      0.045      0.684     0.78      0.729      0.905    2
                 0.77      0.05       0.658     0.77      0.71       0.896    3
                 0.71      0.04       0.689     0.71      0.7        0.883    4
                 0.56      0.044      0.615     0.56      0.586      0.852    5
                 0.79      0.028      0.782     0.79      0.786      0.93     6
                 0.67      0.023      0.788     0.67      0.724      0.898    7
                 0.4       0.01       0.833     0.4       0.541      0.816    8
Weighted Avg.    0.714     0.036      0.723     0.714     0.707      0.894

=== Confusion Matrix ===

  a  b  c  d  e  f  g  h  i   <-- classified as
 91  0  2  3  0  1  3  0  0 |  a = 0
  2 84  3  1  8  1  0  0  1 |  b = 1
  4  6 78  2  3  4  2  1  0 |  c = 2
  7  1  3 77  2  6  3  0  1 |  d = 3
  0 16  4  3 71  4  0  2  0 |  e = 4
  5  5  5 15  8 56  2  3  1 |  f = 5
  5  0  2 10  0  2 79  0  2 |  g = 6
  1  7  9  0  8  4  1 67  3 |  h = 7
  2  5  8  6  3 13 11 12 40 |  i = 8