=== Run information ===

Scheme:weka.classifiers.functions.LibSVM -S 0 -K 2 -D 3 -G 0.0 -R 0.0 -N 0.5 -M 40.0 -C 1.0 -E 0.001 -P 0.1 -seed 1
Relation:     handGestures
Instances:    900
Attributes:   491
[list of attributes omitted]
Test mode:10-fold cross-validation

=== Classifier model (full training set) ===

LibSVM wrapper, original code by Yasser EL-Manzalawy (= WLSVM)

Time taken to build model: 6.09 seconds

=== Stratified cross-validation ===
=== Summary ===

Correctly Classified Instances         118               13.1111 %
Incorrectly Classified Instances       782               86.8889 %
Kappa statistic                          0.0225
Mean absolute error                      0.1931
Root mean squared error                  0.4394
Relative absolute error                 97.75   %
Root relative squared error            139.8213 %
Total Number of Instances              900     

=== Detailed Accuracy By Class ===

               TP Rate   FP Rate   Precision   Recall  F-Measure   ROC Area  Class
                 0.02      0          1         0.02      0.039      0.51     0
                 0.02      0.005      0.333     0.02      0.038      0.507    1
                 0         0.003      0         0         0          0.499    2
                 0.02      0.001      0.667     0.02      0.039      0.509    3
                 0.03      0          1         0.03      0.058      0.515    4
                 0.03      0.003      0.6       0.03      0.057      0.514    5
                 1         0.961      0.115     1         0.206      0.519    6
                 0.02      0.001      0.667     0.02      0.039      0.509    7
                 0.04      0.004      0.571     0.04      0.075      0.518    8
Weighted Avg.    0.131     0.109      0.55      0.131     0.061      0.511

=== Confusion Matrix ===

   a   b   c   d   e   f   g   h   i   <-- classified as
   2   0   0   0   0   0  98   0   0 |   a = 0
   0   2   0   0   0   0  98   0   0 |   b = 1
   0   1   0   0   0   0  97   0   2 |   c = 2
   0   0   0   2   0   0  98   0   0 |   d = 3
   0   0   0   0   3   0  96   1   0 |   e = 4
   0   2   0   0   0   3  94   0   1 |   f = 5
   0   0   0   0   0   0 100   0   0 |   g = 6
   0   0   0   0   0   0  98   2   0 |   h = 7
   0   1   2   1   0   2  90   0   4 |   i = 8

