=== Run information ===

Scheme:weka.classifiers.functions.LibSVM -S 0 -K 1 -D 3 -G 0.0 -R 0.0 -N 0.5 -M 40.0 -C 1.0 -E 0.001 -P 0.1 -seed 1
Relation:     handGestures
Instances:    900
Attributes:   491
[list of attributes omitted]
Test mode:10-fold cross-validation

=== Classifier model (full training set) ===

LibSVM wrapper, original code by Yasser EL-Manzalawy (= WLSVM)

Time taken to build model: 7.54 seconds

=== Stratified cross-validation ===
=== Summary ===

Correctly Classified Instances         500               55.5556 %
Incorrectly Classified Instances       400               44.4444 %
Kappa statistic                          0.5   
Mean absolute error                      0.0988
Root mean squared error                  0.3143
Relative absolute error                 50      %
Root relative squared error            100      %
Total Number of Instances              900     

=== Detailed Accuracy By Class ===

               TP Rate   FP Rate   Precision   Recall  F-Measure   ROC Area  Class
                 0.52      0.05       0.565     0.52      0.542      0.735    0
                 0.66      0.056      0.595     0.66      0.626      0.802    1
                 0.65      0.073      0.528     0.65      0.583      0.789    2
                 0.52      0.049      0.571     0.52      0.545      0.736    3
                 0.54      0.04       0.628     0.54      0.581      0.75     4
                 0.51      0.063      0.505     0.51      0.507      0.724    5
                 0.61      0.054      0.587     0.61      0.598      0.778    6
                 0.48      0.044      0.578     0.48      0.525      0.718    7
                 0.51      0.073      0.468     0.51      0.488      0.719    8
Weighted Avg.    0.556     0.056      0.558     0.556     0.555      0.75 

=== Confusion Matrix ===

  a  b  c  d  e  f  g  h  i   <-- classified as
 52  4  9 10  1  2 14  4  4 |  a = 0
  0 66 16  1  7  1  0  7  2 |  b = 1
  4  7 65  0  1  3  2  6 12 |  c = 2
 10  3  1 52  1  8 17  1  7 |  d = 3
  1  9  2  4 54 11  0 15  4 |  e = 4
  4  5  2  9  5 51  5  2 17 |  f = 5
 12  1  3 13  0  4 61  0  6 |  g = 6
  3 14 10  1 15  3  0 48  6 |  h = 7
  6  2 15  1  2 18  5  0 51 |  i = 8