=== Run information ===

Scheme:weka.classifiers.trees.J48 -C 0.25 -M 2
Relation:     handGestures
Instances:    900
Attributes:   666
[list of attributes omitted]
Test mode:10-fold cross-validation

=== Classifier model (full training set) ===

J48 pruned tree
------------------

ellipse_angle34 <= 80.416718
|   contour_area_ratio27 <= 0.832355
|   |   contour_area_ratio34 <= 0.604641
|   |   |   centroid_y31 <= 122
|   |   |   |   centroid_y6 <= 105: 0 (2.0)
|   |   |   |   centroid_y6 > 105: 3 (13.0/1.0)
|   |   |   centroid_y31 > 122
|   |   |   |   hu_moment_42 <= 0.000063: 7 (21.0)
|   |   |   |   hu_moment_42 > 0.000063: 6 (2.0)
|   |   contour_area_ratio34 > 0.604641
|   |   |   ellipse_minor_axis34 <= 194.41597
|   |   |   |   hu_moment_429 <= 0.000037
|   |   |   |   |   centroid_x29 <= 210
|   |   |   |   |   |   hu_moment_42 <= 0.000032: 2 (10.0/1.0)
|   |   |   |   |   |   hu_moment_42 > 0.000032: 0 (2.0/1.0)
|   |   |   |   |   centroid_x29 > 210
|   |   |   |   |   |   hu_moment_428 <= 0.000011
|   |   |   |   |   |   |   hu_moment_10 <= 0.175627: 8 (4.0/1.0)
|   |   |   |   |   |   |   hu_moment_10 > 0.175627
|   |   |   |   |   |   |   |   hu_moment_331 <= 0.000217: 0 (4.0)
|   |   |   |   |   |   |   |   hu_moment_331 > 0.000217: 3 (2.0)
|   |   |   |   |   |   hu_moment_428 > 0.000011: 7 (2.0)
|   |   |   |   hu_moment_429 > 0.000037
|   |   |   |   |   hu_moment_40 <= 0.000041: 1 (2.0)
|   |   |   |   |   hu_moment_40 > 0.000041: 5 (3.0/1.0)
|   |   |   ellipse_minor_axis34 > 194.41597
|   |   |   |   ellipse_center_y33 <= 111.474327
|   |   |   |   |   hu_moment_322 <= 0.000542
|   |   |   |   |   |   aspect_ratio8 <= 0.776371: 6 (2.0)
|   |   |   |   |   |   aspect_ratio8 > 0.776371
|   |   |   |   |   |   |   hu_moment_213 <= 0.001033: 5 (2.0)
|   |   |   |   |   |   |   hu_moment_213 > 0.001033
|   |   |   |   |   |   |   |   hu_moment_21 <= 0.002945
|   |   |   |   |   |   |   |   |   contour_area_ratio12 <= 0.661024: 7 (7.0)
|   |   |   |   |   |   |   |   |   contour_area_ratio12 > 0.661024: 2 (5.0)
|   |   |   |   |   |   |   |   hu_moment_21 > 0.002945
|   |   |   |   |   |   |   |   |   centroid_y18 <= 114: 8 (7.0)
|   |   |   |   |   |   |   |   |   centroid_y18 > 114: 2 (3.0/1.0)
|   |   |   |   |   hu_moment_322 > 0.000542
|   |   |   |   |   |   hu_moment_35 <= 0.000626: 7 (2.0)
|   |   |   |   |   |   hu_moment_35 > 0.000626: 5 (9.0/1.0)
|   |   |   |   ellipse_center_y33 > 111.474327
|   |   |   |   |   aspect_ratio0 <= 1.446512
|   |   |   |   |   |   centroid_y6 <= 165
|   |   |   |   |   |   |   aspect_ratio4 <= 0.626866: 7 (12.0)
|   |   |   |   |   |   |   aspect_ratio4 > 0.626866
|   |   |   |   |   |   |   |   hu_moment_47 <= 0.000093
|   |   |   |   |   |   |   |   |   hu_moment_633 <= 0.00006
|   |   |   |   |   |   |   |   |   |   centroid_y33 <= 165
|   |   |   |   |   |   |   |   |   |   |   hu_moment_622 <= 0.000021
|   |   |   |   |   |   |   |   |   |   |   |   ellipse_center_x7 <= 108.708466
|   |   |   |   |   |   |   |   |   |   |   |   |   ellipse_angle29 <= 17.586308: 8 (4.0/1.0)
|   |   |   |   |   |   |   |   |   |   |   |   |   ellipse_angle29 > 17.586308
|   |   |   |   |   |   |   |   |   |   |   |   |   |   hu_moment_211 <= 0.001249: 4 (2.0)
|   |   |   |   |   |   |   |   |   |   |   |   |   |   hu_moment_211 > 0.001249: 7 (10.0)
|   |   |   |   |   |   |   |   |   |   |   |   ellipse_center_x7 > 108.708466
|   |   |   |   |   |   |   |   |   |   |   |   |   centroid_x34 <= 174
|   |   |   |   |   |   |   |   |   |   |   |   |   |   ellipse_angle20 <= 41.068962
|   |   |   |   |   |   |   |   |   |   |   |   |   |   |   contour_area_ratio0 <= 0.581201: 8 (3.0)
|   |   |   |   |   |   |   |   |   |   |   |   |   |   |   contour_area_ratio0 > 0.581201: 5 (9.0)
|   |   |   |   |   |   |   |   |   |   |   |   |   |   ellipse_angle20 > 41.068962: 4 (4.0/1.0)
|   |   |   |   |   |   |   |   |   |   |   |   |   centroid_x34 > 174
|   |   |   |   |   |   |   |   |   |   |   |   |   |   ellipse_angle29 <= 67.863663
|   |   |   |   |   |   |   |   |   |   |   |   |   |   |   rectangle_area_ratio1 <= 0.876968
|   |   |   |   |   |   |   |   |   |   |   |   |   |   |   |   hu_moment_36 <= 0.001534
|   |   |   |   |   |   |   |   |   |   |   |   |   |   |   |   |   contour_area_ratio0 <= 0.64449
|   |   |   |   |   |   |   |   |   |   |   |   |   |   |   |   |   |   aspect_ratio8 <= 1.288882
|   |   |   |   |   |   |   |   |   |   |   |   |   |   |   |   |   |   |   contour_area_ratio1 <= 0.551792
|   |   |   |   |   |   |   |   |   |   |   |   |   |   |   |   |   |   |   |   contour_area_ratio0 <= 0.534237: 4 (3.0)
|   |   |   |   |   |   |   |   |   |   |   |   |   |   |   |   |   |   |   |   contour_area_ratio0 > 0.534237: 7 (2.0)
|   |   |   |   |   |   |   |   |   |   |   |   |   |   |   |   |   |   |   contour_area_ratio1 > 0.551792: 4 (38.0)
|   |   |   |   |   |   |   |   |   |   |   |   |   |   |   |   |   |   aspect_ratio8 > 1.288882
|   |   |   |   |   |   |   |   |   |   |   |   |   |   |   |   |   |   |   rectangle_area_ratio0 <= 0.779014: 4 (2.0)
|   |   |   |   |   |   |   |   |   |   |   |   |   |   |   |   |   |   |   rectangle_area_ratio0 > 0.779014: 5 (2.0)
|   |   |   |   |   |   |   |   |   |   |   |   |   |   |   |   |   contour_area_ratio0 > 0.64449
|   |   |   |   |   |   |   |   |   |   |   |   |   |   |   |   |   |   contour_area_ratio5 <= 0.607699: 7 (3.0)
|   |   |   |   |   |   |   |   |   |   |   |   |   |   |   |   |   |   contour_area_ratio5 > 0.607699
|   |   |   |   |   |   |   |   |   |   |   |   |   |   |   |   |   |   |   hu_moment_229 <= 0.000444: 5 (3.0)
|   |   |   |   |   |   |   |   |   |   |   |   |   |   |   |   |   |   |   hu_moment_229 > 0.000444
|   |   |   |   |   |   |   |   |   |   |   |   |   |   |   |   |   |   |   |   hu_moment_37 <= 0.000101: 5 (2.0)
|   |   |   |   |   |   |   |   |   |   |   |   |   |   |   |   |   |   |   |   hu_moment_37 > 0.000101
|   |   |   |   |   |   |   |   |   |   |   |   |   |   |   |   |   |   |   |   |   ellipse_angle28 <= 4.521012: 5 (2.0)
|   |   |   |   |   |   |   |   |   |   |   |   |   |   |   |   |   |   |   |   |   ellipse_angle28 > 4.521012
|   |   |   |   |   |   |   |   |   |   |   |   |   |   |   |   |   |   |   |   |   |   ellipse_angle15 <= 7.455398: 1 (6.0/1.0)
|   |   |   |   |   |   |   |   |   |   |   |   |   |   |   |   |   |   |   |   |   |   ellipse_angle15 > 7.455398
|   |   |   |   |   |   |   |   |   |   |   |   |   |   |   |   |   |   |   |   |   |   |   contour_area_ratio0 <= 0.774101
|   |   |   |   |   |   |   |   |   |   |   |   |   |   |   |   |   |   |   |   |   |   |   |   ellipse_angle21 <= 172.444077: 4 (25.0/2.0)
|   |   |   |   |   |   |   |   |   |   |   |   |   |   |   |   |   |   |   |   |   |   |   |   ellipse_angle21 > 172.444077: 1 (2.0)
|   |   |   |   |   |   |   |   |   |   |   |   |   |   |   |   |   |   |   |   |   |   |   contour_area_ratio0 > 0.774101
|   |   |   |   |   |   |   |   |   |   |   |   |   |   |   |   |   |   |   |   |   |   |   |   ellipse_minor_axis26 <= 226.078308
|   |   |   |   |   |   |   |   |   |   |   |   |   |   |   |   |   |   |   |   |   |   |   |   |   hu_moment_226 <= 0.003848: 7 (3.0/1.0)
|   |   |   |   |   |   |   |   |   |   |   |   |   |   |   |   |   |   |   |   |   |   |   |   |   hu_moment_226 > 0.003848: 4 (4.0)
|   |   |   |   |   |   |   |   |   |   |   |   |   |   |   |   |   |   |   |   |   |   |   |   ellipse_minor_axis26 > 226.078308: 1 (11.0)
|   |   |   |   |   |   |   |   |   |   |   |   |   |   |   |   hu_moment_36 > 0.001534: 5 (3.0)
|   |   |   |   |   |   |   |   |   |   |   |   |   |   |   rectangle_area_ratio1 > 0.876968
|   |   |   |   |   |   |   |   |   |   |   |   |   |   |   |   hu_moment_10 <= 0.167001: 5 (2.0)
|   |   |   |   |   |   |   |   |   |   |   |   |   |   |   |   hu_moment_10 > 0.167001: 7 (3.0)
|   |   |   |   |   |   |   |   |   |   |   |   |   |   ellipse_angle29 > 67.863663
|   |   |   |   |   |   |   |   |   |   |   |   |   |   |   hu_moment_323 <= 0.000494
|   |   |   |   |   |   |   |   |   |   |   |   |   |   |   |   ellipse_minor_axis0 <= 209.352341: 8 (2.0)
|   |   |   |   |   |   |   |   |   |   |   |   |   |   |   |   ellipse_minor_axis0 > 209.352341: 7 (2.0)
|   |   |   |   |   |   |   |   |   |   |   |   |   |   |   hu_moment_323 > 0.000494: 1 (4.0)
|   |   |   |   |   |   |   |   |   |   |   hu_moment_622 > 0.000021: 4 (7.0)
|   |   |   |   |   |   |   |   |   |   centroid_y33 > 165
|   |   |   |   |   |   |   |   |   |   |   ellipse_major_axis25 <= 168.950424
|   |   |   |   |   |   |   |   |   |   |   |   hu_moment_410 <= 0.00003
|   |   |   |   |   |   |   |   |   |   |   |   |   centroid_y34 <= 173: 7 (11.0)
|   |   |   |   |   |   |   |   |   |   |   |   |   centroid_y34 > 173: 4 (5.0/1.0)
|   |   |   |   |   |   |   |   |   |   |   |   hu_moment_410 > 0.00003: 4 (2.0)
|   |   |   |   |   |   |   |   |   |   |   ellipse_major_axis25 > 168.950424: 1 (3.0/1.0)
|   |   |   |   |   |   |   |   |   hu_moment_633 > 0.00006: 7 (4.0)
|   |   |   |   |   |   |   |   hu_moment_47 > 0.000093: 1 (4.0/1.0)
|   |   |   |   |   |   centroid_y6 > 165: 8 (6.0/1.0)
|   |   |   |   |   aspect_ratio0 > 1.446512
|   |   |   |   |   |   aspect_ratio32 <= 3.307692
|   |   |   |   |   |   |   ellipse_minor_axis22 <= 273.253235: 8 (18.0)
|   |   |   |   |   |   |   ellipse_minor_axis22 > 273.253235: 7 (9.0/1.0)
|   |   |   |   |   |   aspect_ratio32 > 3.307692: 1 (3.0/1.0)
|   contour_area_ratio27 > 0.832355
|   |   ellipse_minor_axis24 <= 199.525452
|   |   |   hu_moment_421 <= 0.000136
|   |   |   |   contour_area_ratio17 <= 0.721738: 0 (4.0/1.0)
|   |   |   |   contour_area_ratio17 > 0.721738
|   |   |   |   |   contour_area_ratio20 <= 0.971254
|   |   |   |   |   |   ellipse_angle18 <= 9.110346: 6 (2.0/1.0)
|   |   |   |   |   |   ellipse_angle18 > 9.110346
|   |   |   |   |   |   |   rectangle_area_ratio27 <= 0.955889
|   |   |   |   |   |   |   |   ellipse_angle10 <= 1.821662: 5 (2.0)
|   |   |   |   |   |   |   |   ellipse_angle10 > 1.821662: 2 (45.0)
|   |   |   |   |   |   |   rectangle_area_ratio27 > 0.955889: 5 (2.0/1.0)
|   |   |   |   |   contour_area_ratio20 > 0.971254
|   |   |   |   |   |   contour_area_ratio0 <= 0.90263: 0 (2.0)
|   |   |   |   |   |   contour_area_ratio0 > 0.90263: 6 (2.0/1.0)
|   |   |   hu_moment_421 > 0.000136: 7 (2.0)
|   |   ellipse_minor_axis24 > 199.525452
|   |   |   ellipse_center_y15 <= 169.823868
|   |   |   |   hu_moment_17 <= 0.167592
|   |   |   |   |   hu_moment_213 <= 0.001793: 4 (2.0/1.0)
|   |   |   |   |   hu_moment_213 > 0.001793: 5 (3.0)
|   |   |   |   hu_moment_17 > 0.167592
|   |   |   |   |   hu_moment_20 <= 0.019485
|   |   |   |   |   |   hu_moment_125 <= 0.171286
|   |   |   |   |   |   |   hu_moment_419 <= 0.000015: 2 (5.0/1.0)
|   |   |   |   |   |   |   hu_moment_419 > 0.000015: 0 (2.0)
|   |   |   |   |   |   hu_moment_125 > 0.171286
|   |   |   |   |   |   |   hu_moment_48 <= 0.000064
|   |   |   |   |   |   |   |   hu_moment_34 <= 0.000076: 5 (3.0/1.0)
|   |   |   |   |   |   |   |   hu_moment_34 > 0.000076
|   |   |   |   |   |   |   |   |   hu_moment_323 <= 0.00006: 5 (4.0/1.0)
|   |   |   |   |   |   |   |   |   hu_moment_323 > 0.00006
|   |   |   |   |   |   |   |   |   |   centroid_y34 <= 115: 5 (2.0)
|   |   |   |   |   |   |   |   |   |   centroid_y34 > 115: 1 (65.0/3.0)
|   |   |   |   |   |   |   hu_moment_48 > 0.000064
|   |   |   |   |   |   |   |   aspect_ratio5 <= 1.703046: 1 (2.0/1.0)
|   |   |   |   |   |   |   |   aspect_ratio5 > 1.703046: 2 (2.0)
|   |   |   |   |   hu_moment_20 > 0.019485: 2 (4.0)
|   |   |   ellipse_center_y15 > 169.823868
|   |   |   |   hu_moment_20 <= 0.000876: 7 (2.0)
|   |   |   |   hu_moment_20 > 0.000876: 2 (5.0)
ellipse_angle34 > 80.416718
|   contour_area_ratio7 <= 0.813397
|   |   hu_moment_128 <= 0.168991
|   |   |   centroid_x20 <= 212
|   |   |   |   centroid_x32 <= 173
|   |   |   |   |   ellipse_center_x0 <= 98.331657: 4 (2.0)
|   |   |   |   |   ellipse_center_x0 > 98.331657
|   |   |   |   |   |   ellipse_major_axis33 <= 177.875732: 5 (3.0)
|   |   |   |   |   |   ellipse_major_axis33 > 177.875732: 3 (32.0/1.0)
|   |   |   |   centroid_x32 > 173: 4 (4.0)
|   |   |   centroid_x20 > 212: 2 (3.0/1.0)
|   |   hu_moment_128 > 0.168991
|   |   |   hu_moment_319 <= 0.001385
|   |   |   |   convex_hull_perimeter0 <= 772.22689
|   |   |   |   |   ellipse_center_x0 <= 120.294884
|   |   |   |   |   |   hu_moment_120 <= 0.174198: 2 (2.0/1.0)
|   |   |   |   |   |   hu_moment_120 > 0.174198: 8 (13.0)
|   |   |   |   |   ellipse_center_x0 > 120.294884
|   |   |   |   |   |   hu_moment_14 <= 0.16736
|   |   |   |   |   |   |   ellipse_minor_axis7 <= 227.183273: 5 (6.0)
|   |   |   |   |   |   |   ellipse_minor_axis7 > 227.183273: 3 (3.0)
|   |   |   |   |   |   hu_moment_14 > 0.16736
|   |   |   |   |   |   |   centroid_y0 <= 106
|   |   |   |   |   |   |   |   hu_moment_331 <= 0.000634
|   |   |   |   |   |   |   |   |   hu_moment_333 <= 0.000595: 2 (3.0/1.0)
|   |   |   |   |   |   |   |   |   hu_moment_333 > 0.000595: 6 (3.0)
|   |   |   |   |   |   |   |   hu_moment_331 > 0.000634: 8 (3.0)
|   |   |   |   |   |   |   centroid_y0 > 106
|   |   |   |   |   |   |   |   hu_moment_234 <= 0.010138
|   |   |   |   |   |   |   |   |   convex_hull_perimeter23 <= 796.917159
|   |   |   |   |   |   |   |   |   |   hu_moment_411 <= 0.000065
|   |   |   |   |   |   |   |   |   |   |   rectangle_area_ratio20 <= 0.726128
|   |   |   |   |   |   |   |   |   |   |   |   contour_area_ratio0 <= 0.639923: 5 (2.0/1.0)
|   |   |   |   |   |   |   |   |   |   |   |   contour_area_ratio0 > 0.639923: 0 (9.0)
|   |   |   |   |   |   |   |   |   |   |   rectangle_area_ratio20 > 0.726128
|   |   |   |   |   |   |   |   |   |   |   |   ellipse_minor_axis11 <= 269.550049
|   |   |   |   |   |   |   |   |   |   |   |   |   ellipse_center_y28 <= 161.547607
|   |   |   |   |   |   |   |   |   |   |   |   |   |   hu_moment_11 <= 0.172797
|   |   |   |   |   |   |   |   |   |   |   |   |   |   |   ellipse_angle0 <= 85.098045: 6 (3.0/1.0)
|   |   |   |   |   |   |   |   |   |   |   |   |   |   |   ellipse_angle0 > 85.098045: 8 (6.0)
|   |   |   |   |   |   |   |   |   |   |   |   |   |   hu_moment_11 > 0.172797
|   |   |   |   |   |   |   |   |   |   |   |   |   |   |   rectangle_area_ratio30 <= 0.73741
|   |   |   |   |   |   |   |   |   |   |   |   |   |   |   |   hu_moment_40 <= 0.000015: 6 (2.0/1.0)
|   |   |   |   |   |   |   |   |   |   |   |   |   |   |   |   hu_moment_40 > 0.000015: 3 (7.0/1.0)
|   |   |   |   |   |   |   |   |   |   |   |   |   |   |   rectangle_area_ratio30 > 0.73741
|   |   |   |   |   |   |   |   |   |   |   |   |   |   |   |   ellipse_angle12 <= 147.730377: 6 (26.0)
|   |   |   |   |   |   |   |   |   |   |   |   |   |   |   |   ellipse_angle12 > 147.730377
|   |   |   |   |   |   |   |   |   |   |   |   |   |   |   |   |   rectangle_area_ratio11 <= 0.801678: 3 (9.0/1.0)
|   |   |   |   |   |   |   |   |   |   |   |   |   |   |   |   |   rectangle_area_ratio11 > 0.801678: 6 (9.0/2.0)
|   |   |   |   |   |   |   |   |   |   |   |   |   ellipse_center_y28 > 161.547607
|   |   |   |   |   |   |   |   |   |   |   |   |   |   centroid_y27 <= 158: 5 (2.0)
|   |   |   |   |   |   |   |   |   |   |   |   |   |   centroid_y27 > 158: 0 (4.0/1.0)
|   |   |   |   |   |   |   |   |   |   |   |   ellipse_minor_axis11 > 269.550049: 0 (4.0)
|   |   |   |   |   |   |   |   |   |   hu_moment_411 > 0.000065
|   |   |   |   |   |   |   |   |   |   |   contour_area_ratio16 <= 0.633101: 5 (3.0)
|   |   |   |   |   |   |   |   |   |   |   contour_area_ratio16 > 0.633101: 3 (9.0/1.0)
|   |   |   |   |   |   |   |   |   convex_hull_perimeter23 > 796.917159: 3 (13.0)
|   |   |   |   |   |   |   |   hu_moment_234 > 0.010138
|   |   |   |   |   |   |   |   |   centroid_x31 <= 168: 6 (49.0/1.0)
|   |   |   |   |   |   |   |   |   centroid_x31 > 168: 8 (8.0/1.0)
|   |   |   |   convex_hull_perimeter0 > 772.22689
|   |   |   |   |   centroid_y31 <= 109
|   |   |   |   |   |   hu_moment_220 <= 0.002396
|   |   |   |   |   |   |   hu_moment_219 <= 0.00203: 8 (3.0)
|   |   |   |   |   |   |   hu_moment_219 > 0.00203: 6 (2.0)
|   |   |   |   |   |   hu_moment_220 > 0.002396: 3 (8.0/1.0)
|   |   |   |   |   centroid_y31 > 109
|   |   |   |   |   |   hu_moment_334 <= 0.000135: 0 (3.0/2.0)
|   |   |   |   |   |   hu_moment_334 > 0.000135
|   |   |   |   |   |   |   ellipse_minor_axis22 <= 300.737732: 5 (30.0/1.0)
|   |   |   |   |   |   |   ellipse_minor_axis22 > 300.737732: 4 (2.0/1.0)
|   |   |   hu_moment_319 > 0.001385
|   |   |   |   hu_moment_618 <= 0.000008: 8 (12.0/1.0)
|   |   |   |   hu_moment_618 > 0.000008: 2 (3.0/1.0)
|   contour_area_ratio7 > 0.813397
|   |   ellipse_minor_axis18 <= 203.240341
|   |   |   hu_moment_120 <= 0.174163
|   |   |   |   centroid_y16 <= 172: 2 (12.0)
|   |   |   |   centroid_y16 > 172: 0 (2.0)
|   |   |   hu_moment_120 > 0.174163: 8 (3.0)
|   |   ellipse_minor_axis18 > 203.240341
|   |   |   centroid_x6 <= 248
|   |   |   |   aspect_ratio18 <= 1.232323
|   |   |   |   |   centroid_y3 <= 104: 2 (2.0/1.0)
|   |   |   |   |   centroid_y3 > 104: 0 (62.0/1.0)
|   |   |   |   aspect_ratio18 > 1.232323: 2 (3.0/1.0)
|   |   |   centroid_x6 > 248
|   |   |   |   hu_moment_40 <= 0.000031: 3 (3.0)
|   |   |   |   hu_moment_40 > 0.000031: 1 (2.0/1.0)

Number of Leaves  :   125

Size of the tree :  249


Time taken to build model: 2.29 seconds

=== Stratified cross-validation ===
=== Summary ===

Correctly Classified Instances         502               55.7778 %
Incorrectly Classified Instances       398               44.2222 %
Kappa statistic                          0.5025
Mean absolute error                      0.1013
Root mean squared error                  0.2989
Relative absolute error                 51.2826 %
Root relative squared error             95.1086 %
Total Number of Instances              900     

=== Detailed Accuracy By Class ===

               TP Rate   FP Rate   Precision   Recall  F-Measure   ROC Area  Class
                 0.66      0.044      0.653     0.66      0.657      0.817    0
                 0.6       0.049      0.606     0.6       0.603      0.779    1
                 0.53      0.054      0.552     0.53      0.541      0.745    2
                 0.67      0.051      0.62      0.67      0.644      0.812    3
                 0.49      0.061      0.5       0.49      0.495      0.72     4
                 0.42      0.074      0.416     0.42      0.418      0.668    5
                 0.6       0.035      0.682     0.6       0.638      0.796    6
                 0.55      0.064      0.519     0.55      0.534      0.767    7
                 0.5       0.066      0.485     0.5       0.493      0.761    8
Weighted Avg.    0.558     0.055      0.559     0.558     0.558      0.763

=== Confusion Matrix ===

  a  b  c  d  e  f  g  h  i   <-- classified as
 66  0 10 13  1  2  3  2  3 |  a = 0
  1 60 12  0  7  8  0 10  2 |  b = 1
 10  8 53  4  5  8  3  5  4 |  c = 2
  7  1  1 67  0 10  6  2  6 |  d = 3
  4  7  1  3 49 13  0 17  6 |  e = 4
  2  8  5  7 14 42  5  4 13 |  f = 5
  6  0  4  9  1  6 60  4 10 |  g = 6
  2  8  5  1 14  4  2 55  9 |  h = 7
  3  7  5  4  7  8  9  7 50 |  i = 8

