=== Run information ===

Scheme:weka.classifiers.lazy.IBk -K 2 -W 0 -E -A "weka.core.neighboursearch.LinearNNSearch -A \"weka.core.EuclideanDistance -R first-last\""
Relation:     handGestures
Instances:    900
Attributes:   491
[list of attributes omitted]
Test mode:10-fold cross-validation

=== Classifier model (full training set) ===

IB1 instance-based classifier
using 2 nearest neighbour(s) for classification


Time taken to build model: 0 seconds

=== Stratified cross-validation ===
=== Summary ===

Correctly Classified Instances         589               65.4444 %
Incorrectly Classified Instances       311               34.5556 %
Kappa statistic                          0.6113
Mean absolute error                      0.0803
Root mean squared error                  0.2357
Relative absolute error                 40.6423 %
Root relative squared error             75.0078 %
Total Number of Instances              900     

=== Detailed Accuracy By Class ===

               TP Rate   FP Rate   Precision   Recall  F-Measure   ROC Area  Class
                 0.83      0.059      0.638     0.83      0.722      0.901    0
                 0.8       0.059      0.63      0.8       0.705      0.895    1
                 0.7       0.06       0.593     0.7       0.642      0.882    2
                 0.75      0.049      0.658     0.75      0.701      0.882    3
                 0.69      0.05       0.633     0.69      0.66       0.869    4
                 0.51      0.058      0.526     0.51      0.518      0.848    5
                 0.75      0.021      0.815     0.75      0.781      0.916    6
                 0.52      0.021      0.754     0.52      0.615      0.865    7
                 0.34      0.013      0.773     0.34      0.472      0.767    8
Weighted Avg.    0.654     0.043      0.669     0.654     0.646      0.869

=== Confusion Matrix ===

  a  b  c  d  e  f  g  h  i   <-- classified as
 83  2  6  4  3  1  1  0  0 |  a = 0
  4 80  8  2  2  1  1  1  1 |  b = 1
  7 12 70  1  0  5  2  2  1 |  c = 2
 11  3  4 75  0  7  0  0  0 |  d = 3
  0 11  4  6 69  8  0  1  1 |  e = 4
  4  6  7 13 13 51  2  1  3 |  f = 5
 12  0  3  5  0  5 75  0  0 |  g = 6
  0 10  8  0 19  5  2 52  4 |  h = 7
  9  3  8  8  3 14  9 12 34 |  i = 8