=== Run information ===

Scheme:weka.classifiers.lazy.IBk -K 3 -W 0 -E -A "weka.core.neighboursearch.LinearNNSearch -A \"weka.core.EuclideanDistance -R first-last\""
Relation:     handGestures
Instances:    900
Attributes:   491
[list of attributes omitted]
Test mode:10-fold cross-validation

=== Classifier model (full training set) ===

IB1 instance-based classifier
using 3 nearest neighbour(s) for classification


Time taken to build model: 0 seconds

=== Stratified cross-validation ===
=== Summary ===

Correctly Classified Instances         584               64.8889 %
Incorrectly Classified Instances       316               35.1111 %
Kappa statistic                          0.605 
Mean absolute error                      0.0878
Root mean squared error                  0.2294
Relative absolute error                 44.4557 %
Root relative squared error             72.9844 %
Total Number of Instances              900     

=== Detailed Accuracy By Class ===

               TP Rate   FP Rate   Precision   Recall  F-Measure   ROC Area  Class
                 0.85      0.051      0.675     0.85      0.752      0.928    0
                 0.71      0.056      0.612     0.71      0.657      0.917    1
                 0.66      0.064      0.564     0.66      0.608      0.916    2
                 0.68      0.048      0.642     0.68      0.66       0.886    3
                 0.66      0.046      0.641     0.66      0.65       0.898    4
                 0.56      0.064      0.523     0.56      0.541      0.866    5
                 0.74      0.02       0.822     0.74      0.779      0.923    6
                 0.55      0.013      0.846     0.55      0.667      0.914    7
                 0.43      0.034      0.614     0.43      0.506      0.799    8
Weighted Avg.    0.649     0.044      0.66      0.649     0.647      0.894

=== Confusion Matrix ===

  a  b  c  d  e  f  g  h  i   <-- classified as
 85  3  6  2  0  2  2  0  0 |  a = 0
  5 71 11  1  8  2  0  0  2 |  b = 1
  8 12 66  1  0  5  2  2  4 |  c = 2
  5  4  1 68  2 15  4  0  1 |  d = 3
  1  9  3  7 66  8  0  4  2 |  e = 4
  6  2  8 10 12 56  1  0  5 |  f = 5
  8  0  3  8  0  2 74  0  5 |  g = 6
  1 11  7  0 14  3  1 55  8 |  h = 7
  7  4 12  9  1 14  6  4 43 |  i = 8