=== Run information ===

Scheme:weka.classifiers.lazy.IBk -K 4 -W 0 -E -A "weka.core.neighboursearch.LinearNNSearch -A \"weka.core.EuclideanDistance -R first-last\""
Relation:     handGestures
Instances:    900
Attributes:   491
[list of attributes omitted]
Test mode:10-fold cross-validation

=== Classifier model (full training set) ===

IB1 instance-based classifier
using 4 nearest neighbour(s) for classification


Time taken to build model: 0 seconds

=== Stratified cross-validation ===
=== Summary ===

Correctly Classified Instances         603               67      %
Incorrectly Classified Instances       297               33      %
Kappa statistic                          0.6288
Mean absolute error                      0.0941
Root mean squared error                  0.2286
Relative absolute error                 47.6454 %
Root relative squared error             72.7484 %
Total Number of Instances              900     

=== Detailed Accuracy By Class ===

               TP Rate   FP Rate   Precision   Recall  F-Measure   ROC Area  Class
                 0.81      0.05       0.669     0.81      0.733      0.937    0
                 0.73      0.044      0.676     0.73      0.702      0.922    1
                 0.67      0.048      0.638     0.67      0.654      0.913    2
                 0.75      0.043      0.688     0.75      0.718      0.904    3
                 0.68      0.049      0.636     0.68      0.657      0.913    4
                 0.58      0.059      0.552     0.58      0.566      0.86     5
                 0.75      0.03       0.758     0.75      0.754      0.934    6
                 0.67      0.023      0.788     0.67      0.724      0.913    7
                 0.39      0.028      0.639     0.39      0.484      0.798    8
Weighted Avg.    0.67      0.041      0.672     0.67      0.666      0.899

=== Confusion Matrix ===

  a  b  c  d  e  f  g  h  i   <-- classified as
 81  3  4  5  0  2  5  0  0 |  a = 0
  6 73  7  0  8  4  0  1  1 |  b = 1
  9 10 67  1  0  5  3  3  2 |  c = 2
  4  2  3 75  2  9  4  0  1 |  d = 3
  2  9  2  3 68 11  0  3  2 |  e = 4
  5  2  5 10 16 58  1  1  2 |  f = 5
  5  0  1  8  0  4 75  0  7 |  g = 6
  2  5  6  0 11  1  1 67  7 |  h = 7
  7  4 10  7  2 11 10 10 39 |  i = 8
