=== Run information ===

Scheme:weka.classifiers.lazy.IBk -K 1 -W 0 -A "weka.core.neighboursearch.LinearNNSearch -A \"weka.core.ManhattanDistance -R first-last\""
Relation:     handGestures
Instances:    900
Attributes:   666
[list of attributes omitted]
Test mode:10-fold cross-validation

=== Classifier model (full training set) ===

IB1 instance-based classifier
using 1 nearest neighbour(s) for classification


Time taken to build model: 0 seconds

=== Stratified cross-validation ===
=== Summary ===

Correctly Classified Instances         653               72.5556 %
Incorrectly Classified Instances       247               27.4444 %
Kappa statistic                          0.6912
Mean absolute error                      0.0625
Root mean squared error                  0.2456
Relative absolute error                 31.6346 %
Root relative squared error             78.1559 %
Total Number of Instances              900     

=== Detailed Accuracy By Class ===

               TP Rate   FP Rate   Precision   Recall  F-Measure   ROC Area  Class
                 0.86      0.014      0.887     0.86      0.873      0.923    0
                 0.8       0.029      0.777     0.8       0.788      0.886    1
                 0.72      0.029      0.758     0.72      0.738      0.846    2
                 0.75      0.036      0.721     0.75      0.735      0.857    3
                 0.63      0.024      0.768     0.63      0.692      0.803    4
                 0.72      0.068      0.571     0.72      0.637      0.826    5
                 0.78      0.025      0.796     0.78      0.788      0.878    6
                 0.68      0.029      0.747     0.68      0.712      0.826    7
                 0.59      0.056      0.567     0.59      0.578      0.767    8
Weighted Avg.    0.726     0.034      0.733     0.726     0.727      0.846

=== Confusion Matrix ===

  a  b  c  d  e  f  g  h  i   <-- classified as
 86  1  1  3  0  5  3  0  1 |  a = 0
  0 80  1  0  7  3  0  4  5 |  b = 1
  3  4 72  0  2  5  3  3  8 |  c = 2
  4  0  2 75  1 13  3  0  2 |  d = 3
  0 10  4  3 63 13  0  5  2 |  e = 4
  2  2  2 12  1 72  2  2  5 |  f = 5
  2  0  1  7  0  2 78  0 10 |  g = 6
  0  2  6  1  7  3  1 68 12 |  h = 7
  0  4  6  3  1 10  8  9 59 |  i = 8

