=== Run information ===

Scheme:weka.classifiers.lazy.IBk -K 1 -W 0 -A "weka.core.neighboursearch.LinearNNSearch -A \"weka.core.EuclideanDistance -R first-last\""
Relation:     handGestures
Instances:    900
Attributes:   666
[list of attributes omitted]
Test mode:10-fold cross-validation

=== Classifier model (full training set) ===

IB1 instance-based classifier
using 1 nearest neighbour(s) for classification


Time taken to build model: 0 seconds

=== Stratified cross-validation ===
=== Summary ===

Correctly Classified Instances         623               69.2222 %
Incorrectly Classified Instances       277               30.7778 %
Kappa statistic                          0.6538
Mean absolute error                      0.0698
Root mean squared error                  0.2601
Relative absolute error                 35.3434 %
Root relative squared error             82.7654 %
Total Number of Instances              900     

=== Detailed Accuracy By Class ===

               TP Rate   FP Rate   Precision   Recall  F-Measure   ROC Area  Class
                 0.79      0.014      0.878     0.79      0.832      0.888    0
                 0.75      0.031      0.75      0.75      0.75       0.859    1
                 0.69      0.034      0.719     0.69      0.704      0.828    2
                 0.75      0.035      0.728     0.75      0.739      0.858    3
                 0.61      0.031      0.709     0.61      0.656      0.789    4
                 0.64      0.068      0.542     0.64      0.587      0.786    5
                 0.68      0.038      0.694     0.68      0.687      0.821    6
                 0.71      0.028      0.763     0.71      0.736      0.841    7
                 0.61      0.069      0.526     0.61      0.565      0.771    8
Weighted Avg.    0.692     0.038      0.701     0.692     0.695      0.827

=== Confusion Matrix ===

  a  b  c  d  e  f  g  h  i   <-- classified as
 79  1  2  3  0  7  6  0  2 |  a = 0
  1 75  5  0  9  3  1  2  4 |  b = 1
  2  4 69  0  3  7  3  3  9 |  c = 2
  2  0  1 75  2 12  5  1  2 |  d = 3
  0 13  3  2 61 11  1  8  1 |  e = 4
  2  2  2  9  3 64  4  2 12 |  f = 5
  3  0  2 11  0  2 68  0 14 |  g = 6
  0  1  5  1  6  4  1 71 11 |  h = 7
  1  4  7  2  2  8  9  6 61 |  i = 8

