=== Run information ===

Scheme:weka.classifiers.functions.LibSVM -S 0 -K 3 -D 3 -G 0.0 -R 0.0 -N 0.5 -M 40.0 -C 1.0 -E 0.001 -P 0.1 -seed 1
Relation:     handGestures
Instances:    900
Attributes:   491
[list of attributes omitted]
Test mode:10-fold cross-validation

=== Classifier model (full training set) ===

LibSVM wrapper, original code by Yasser EL-Manzalawy (= WLSVM)

Time taken to build model: 5.15 seconds

=== Stratified cross-validation ===
=== Summary ===

Correctly Classified Instances         100               11.1111 %
Incorrectly Classified Instances       800               88.8889 %
Kappa statistic                          0     
Mean absolute error                      0.1975
Root mean squared error                  0.4444
Relative absolute error                100      %
Root relative squared error            141.4214 %
Total Number of Instances              900     

=== Detailed Accuracy By Class ===

               TP Rate   FP Rate   Precision   Recall  F-Measure   ROC Area  Class
                 0.3       0.3        0.111     0.3       0.162      0.5      0
                 0.1       0.1        0.111     0.1       0.105      0.5      1
                 0         0          0         0         0          0.5      2
                 0.1       0.1        0.111     0.1       0.105      0.5      3
                 0         0          0         0         0          0.5      4
                 0.3       0.3        0.111     0.3       0.162      0.5      5
                 0.2       0.2        0.111     0.2       0.143      0.5      6
                 0         0          0         0         0          0.5      7
                 0         0          0         0         0          0.5      8
Weighted Avg.    0.111     0.111      0.062     0.111     0.075      0.5  

=== Confusion Matrix ===

  a  b  c  d  e  f  g  h  i   <-- classified as
 30 10  0 10  0 30 20  0  0 |  a = 0
 30 10  0 10  0 30 20  0  0 |  b = 1
 30 10  0 10  0 30 20  0  0 |  c = 2
 30 10  0 10  0 30 20  0  0 |  d = 3
 30 10  0 10  0 30 20  0  0 |  e = 4
 30 10  0 10  0 30 20  0  0 |  f = 5
 30 10  0 10  0 30 20  0  0 |  g = 6
 30 10  0 10  0 30 20  0  0 |  h = 7
 30 10  0 10  0 30 20  0  0 |  i = 8