=== Run information ===

Scheme:weka.classifiers.trees.J48 -C 0.25 -M 2
Relation:     handGestures
Instances:    900
Attributes:   239
[list of attributes omitted]
Test mode:10-fold cross-validation

=== Classifier model (full training set) ===

J48 pruned tree
------------------

ellipse_angle15 <= 91.631584
|   convex_hull_perimeter14 <= 540.004351
|   |   hu_moment_311 <= 0.001113
|   |   |   hu_moment_47 <= 0.000096
|   |   |   |   contour_area_ratio14 <= 0.980983
|   |   |   |   |   ellipse_angle15 <= 17.348038
|   |   |   |   |   |   contour_area_ratio0 <= 0.867028: 5 (3.0)
|   |   |   |   |   |   contour_area_ratio0 > 0.867028: 0 (2.0)
|   |   |   |   |   ellipse_angle15 > 17.348038
|   |   |   |   |   |   contour_area_ratio4 <= 0.686268: 0 (2.0)
|   |   |   |   |   |   contour_area_ratio4 > 0.686268: 2 (61.0/2.0)
|   |   |   |   contour_area_ratio14 > 0.980983
|   |   |   |   |   centroid_y16 <= 174: 6 (5.0/1.0)
|   |   |   |   |   centroid_y16 > 174: 0 (2.0)
|   |   |   hu_moment_47 > 0.000096: 3 (2.0/1.0)
|   |   hu_moment_311 > 0.001113
|   |   |   rectangle_area_ratio10 <= 0.696302: 1 (6.0)
|   |   |   rectangle_area_ratio10 > 0.696302
|   |   |   |   hu_moment_46 <= 0.000022: 7 (4.0/1.0)
|   |   |   |   hu_moment_46 > 0.000022: 3 (2.0/1.0)
|   convex_hull_perimeter14 > 540.004351
|   |   contour_area_ratio10 <= 0.796415
|   |   |   centroid_y16 <= 115
|   |   |   |   contour_area_ratio16 <= 0.611333: 3 (6.0)
|   |   |   |   contour_area_ratio16 > 0.611333
|   |   |   |   |   hu_moment_34 <= 0.000453
|   |   |   |   |   |   rectangle_area_ratio4 <= 0.786496: 2 (3.0)
|   |   |   |   |   |   rectangle_area_ratio4 > 0.786496: 8 (6.0)
|   |   |   |   |   hu_moment_34 > 0.000453
|   |   |   |   |   |   contour_area_ratio1 <= 0.933312: 5 (7.0)
|   |   |   |   |   |   contour_area_ratio1 > 0.933312: 7 (3.0/1.0)
|   |   |   centroid_y16 > 115
|   |   |   |   ellipse_angle14 <= 67.505264
|   |   |   |   |   aspect_ratio2 <= 1.580954
|   |   |   |   |   |   contour_area_ratio15 <= 0.650017
|   |   |   |   |   |   |   hu_moment_415 <= 0.000007: 0 (2.0/1.0)
|   |   |   |   |   |   |   hu_moment_415 > 0.000007: 7 (28.0)
|   |   |   |   |   |   contour_area_ratio15 > 0.650017
|   |   |   |   |   |   |   centroid_x11 <= 104: 8 (4.0)
|   |   |   |   |   |   |   centroid_x11 > 104
|   |   |   |   |   |   |   |   hu_moment_616 <= 0.000059
|   |   |   |   |   |   |   |   |   centroid_x13 <= 125: 5 (5.0)
|   |   |   |   |   |   |   |   |   centroid_x13 > 125
|   |   |   |   |   |   |   |   |   |   contour_area_ratio16 <= 0.93259
|   |   |   |   |   |   |   |   |   |   |   centroid_y3 <= 160
|   |   |   |   |   |   |   |   |   |   |   |   hu_moment_10 <= 0.185351
|   |   |   |   |   |   |   |   |   |   |   |   |   hu_moment_48 <= 0.000205
|   |   |   |   |   |   |   |   |   |   |   |   |   |   aspect_ratio5 <= 1.761639
|   |   |   |   |   |   |   |   |   |   |   |   |   |   |   centroid_y14 <= 120
|   |   |   |   |   |   |   |   |   |   |   |   |   |   |   |   contour_area_ratio3 <= 0.621661: 7 (6.0)
|   |   |   |   |   |   |   |   |   |   |   |   |   |   |   |   contour_area_ratio3 > 0.621661: 4 (6.0/1.0)
|   |   |   |   |   |   |   |   |   |   |   |   |   |   |   centroid_y14 > 120
|   |   |   |   |   |   |   |   |   |   |   |   |   |   |   |   hu_moment_215 <= 0.000797: 8 (3.0/1.0)
|   |   |   |   |   |   |   |   |   |   |   |   |   |   |   |   hu_moment_215 > 0.000797
|   |   |   |   |   |   |   |   |   |   |   |   |   |   |   |   |   convex_hull_perimeter10 <= 606.704906
|   |   |   |   |   |   |   |   |   |   |   |   |   |   |   |   |   |   hu_moment_414 <= 0.000017: 7 (3.0)
|   |   |   |   |   |   |   |   |   |   |   |   |   |   |   |   |   |   hu_moment_414 > 0.000017: 4 (2.0/1.0)
|   |   |   |   |   |   |   |   |   |   |   |   |   |   |   |   |   convex_hull_perimeter10 > 606.704906
|   |   |   |   |   |   |   |   |   |   |   |   |   |   |   |   |   |   ellipse_angle15 <= 6.813792: 5 (2.0)
|   |   |   |   |   |   |   |   |   |   |   |   |   |   |   |   |   |   ellipse_angle15 > 6.813792
|   |   |   |   |   |   |   |   |   |   |   |   |   |   |   |   |   |   |   contour_area_ratio0 <= 0.939721
|   |   |   |   |   |   |   |   |   |   |   |   |   |   |   |   |   |   |   |   aspect_ratio15 <= 0.919831
|   |   |   |   |   |   |   |   |   |   |   |   |   |   |   |   |   |   |   |   |   hu_moment_45 <= 0.000023
|   |   |   |   |   |   |   |   |   |   |   |   |   |   |   |   |   |   |   |   |   |   hu_moment_310 <= 0.000251: 4 (6.0)
|   |   |   |   |   |   |   |   |   |   |   |   |   |   |   |   |   |   |   |   |   |   hu_moment_310 > 0.000251: 1 (5.0)
|   |   |   |   |   |   |   |   |   |   |   |   |   |   |   |   |   |   |   |   |   hu_moment_45 > 0.000023: 4 (6.0)
|   |   |   |   |   |   |   |   |   |   |   |   |   |   |   |   |   |   |   |   aspect_ratio15 > 0.919831: 4 (76.0/6.0)
|   |   |   |   |   |   |   |   |   |   |   |   |   |   |   |   |   |   |   contour_area_ratio0 > 0.939721: 1 (4.0/1.0)
|   |   |   |   |   |   |   |   |   |   |   |   |   |   aspect_ratio5 > 1.761639: 7 (4.0/1.0)
|   |   |   |   |   |   |   |   |   |   |   |   |   hu_moment_48 > 0.000205: 7 (3.0)
|   |   |   |   |   |   |   |   |   |   |   |   hu_moment_10 > 0.185351
|   |   |   |   |   |   |   |   |   |   |   |   |   hu_moment_42 <= 0.000028: 7 (12.0/1.0)
|   |   |   |   |   |   |   |   |   |   |   |   |   hu_moment_42 > 0.000028: 4 (2.0/1.0)
|   |   |   |   |   |   |   |   |   |   |   centroid_y3 > 160
|   |   |   |   |   |   |   |   |   |   |   |   centroid_y15 <= 163: 8 (3.0)
|   |   |   |   |   |   |   |   |   |   |   |   centroid_y15 > 163: 7 (5.0/1.0)
|   |   |   |   |   |   |   |   |   |   contour_area_ratio16 > 0.93259: 5 (4.0/1.0)
|   |   |   |   |   |   |   |   hu_moment_616 > 0.000059: 7 (5.0)
|   |   |   |   |   aspect_ratio2 > 1.580954
|   |   |   |   |   |   hu_moment_45 <= 0.000045
|   |   |   |   |   |   |   ellipse_angle12 <= 43.807926: 8 (18.0)
|   |   |   |   |   |   |   ellipse_angle12 > 43.807926: 7 (6.0/1.0)
|   |   |   |   |   |   hu_moment_45 > 0.000045: 2 (2.0/1.0)
|   |   |   |   ellipse_angle14 > 67.505264
|   |   |   |   |   hu_moment_42 <= 0.000057
|   |   |   |   |   |   hu_moment_37 <= 0.000654: 0 (8.0)
|   |   |   |   |   |   hu_moment_37 > 0.000654
|   |   |   |   |   |   |   contour_area_ratio0 <= 0.734361: 4 (4.0/2.0)
|   |   |   |   |   |   |   contour_area_ratio0 > 0.734361: 5 (2.0)
|   |   |   |   |   hu_moment_42 > 0.000057: 2 (3.0/2.0)
|   |   contour_area_ratio10 > 0.796415
|   |   |   hu_moment_111 <= 0.169044
|   |   |   |   centroid_y10 <= 159: 2 (4.0/1.0)
|   |   |   |   centroid_y10 > 159
|   |   |   |   |   hu_moment_37 <= 0.000323: 8 (4.0)
|   |   |   |   |   hu_moment_37 > 0.000323: 0 (2.0)
|   |   |   hu_moment_111 > 0.169044
|   |   |   |   hu_moment_610 <= 0.000057
|   |   |   |   |   centroid_y8 <= 161
|   |   |   |   |   |   centroid_y14 <= 120
|   |   |   |   |   |   |   convex_hull_perimeter0 <= 720.880392
|   |   |   |   |   |   |   |   centroid_y7 <= 109: 2 (4.0)
|   |   |   |   |   |   |   |   centroid_y7 > 109: 7 (6.0/1.0)
|   |   |   |   |   |   |   convex_hull_perimeter0 > 720.880392
|   |   |   |   |   |   |   |   hu_moment_42 <= 0.000037
|   |   |   |   |   |   |   |   |   hu_moment_25 <= 0.001315: 3 (3.0/1.0)
|   |   |   |   |   |   |   |   |   hu_moment_25 > 0.001315: 5 (5.0)
|   |   |   |   |   |   |   |   hu_moment_42 > 0.000037: 4 (2.0)
|   |   |   |   |   |   centroid_y14 > 120
|   |   |   |   |   |   |   centroid_x9 <= 110: 2 (3.0/1.0)
|   |   |   |   |   |   |   centroid_x9 > 110
|   |   |   |   |   |   |   |   centroid_x5 <= 252
|   |   |   |   |   |   |   |   |   ellipse_angle16 <= 30.823584
|   |   |   |   |   |   |   |   |   |   contour_area_ratio16 <= 0.880647
|   |   |   |   |   |   |   |   |   |   |   hu_moment_46 <= 0.000029: 1 (16.0)
|   |   |   |   |   |   |   |   |   |   |   hu_moment_46 > 0.000029: 5 (2.0)
|   |   |   |   |   |   |   |   |   |   contour_area_ratio16 > 0.880647: 5 (14.0)
|   |   |   |   |   |   |   |   |   ellipse_angle16 > 30.823584
|   |   |   |   |   |   |   |   |   |   ellipse_angle16 <= 82.070168: 1 (60.0)
|   |   |   |   |   |   |   |   |   |   ellipse_angle16 > 82.070168: 2 (2.0/1.0)
|   |   |   |   |   |   |   |   centroid_x5 > 252: 4 (2.0/1.0)
|   |   |   |   |   centroid_y8 > 161
|   |   |   |   |   |   hu_moment_414 <= 0.000229
|   |   |   |   |   |   |   centroid_y15 <= 169
|   |   |   |   |   |   |   |   hu_moment_11 <= 0.171991: 7 (6.0)
|   |   |   |   |   |   |   |   hu_moment_11 > 0.171991: 8 (3.0/1.0)
|   |   |   |   |   |   |   centroid_y15 > 169: 2 (14.0/1.0)
|   |   |   |   |   |   hu_moment_414 > 0.000229: 1 (2.0)
|   |   |   |   hu_moment_610 > 0.000057: 7 (5.0)
ellipse_angle15 > 91.631584
|   contour_area_ratio2 <= 0.812287
|   |   hu_moment_112 <= 0.169067
|   |   |   rectangle_area_ratio14 <= 0.839381: 3 (31.0)
|   |   |   rectangle_area_ratio14 > 0.839381: 6 (3.0/1.0)
|   |   hu_moment_112 > 0.169067
|   |   |   convex_hull_perimeter0 <= 772.22689
|   |   |   |   centroid_x1 <= 117: 8 (12.0)
|   |   |   |   centroid_x1 > 117
|   |   |   |   |   hu_moment_216 <= 0.009419
|   |   |   |   |   |   hu_moment_314 <= 0.001956
|   |   |   |   |   |   |   centroid_y8 <= 100
|   |   |   |   |   |   |   |   centroid_y14 <= 63
|   |   |   |   |   |   |   |   |   centroid_x10 <= 262: 6 (9.0/1.0)
|   |   |   |   |   |   |   |   |   centroid_x10 > 262: 2 (3.0)
|   |   |   |   |   |   |   |   centroid_y14 > 63: 7 (2.0)
|   |   |   |   |   |   |   centroid_y8 > 100
|   |   |   |   |   |   |   |   hu_moment_215 <= 0.006465
|   |   |   |   |   |   |   |   |   centroid_y15 <= 68
|   |   |   |   |   |   |   |   |   |   hu_moment_313 <= 0.000649: 6 (8.0)
|   |   |   |   |   |   |   |   |   |   hu_moment_313 > 0.000649
|   |   |   |   |   |   |   |   |   |   |   centroid_x15 <= 264: 8 (4.0)
|   |   |   |   |   |   |   |   |   |   |   centroid_x15 > 264: 0 (3.0)
|   |   |   |   |   |   |   |   |   centroid_y15 > 68
|   |   |   |   |   |   |   |   |   |   centroid_y4 <= 140
|   |   |   |   |   |   |   |   |   |   |   ellipse_angle14 <= 173.04155
|   |   |   |   |   |   |   |   |   |   |   |   centroid_y2 <= 131: 3 (28.0)
|   |   |   |   |   |   |   |   |   |   |   |   centroid_y2 > 131
|   |   |   |   |   |   |   |   |   |   |   |   |   hu_moment_33 <= 0.000281: 8 (2.0)
|   |   |   |   |   |   |   |   |   |   |   |   |   hu_moment_33 > 0.000281
|   |   |   |   |   |   |   |   |   |   |   |   |   |   hu_moment_42 <= 0.00003: 3 (5.0)
|   |   |   |   |   |   |   |   |   |   |   |   |   |   hu_moment_42 > 0.00003
|   |   |   |   |   |   |   |   |   |   |   |   |   |   |   centroid_x3 <= 236: 0 (5.0)
|   |   |   |   |   |   |   |   |   |   |   |   |   |   |   centroid_x3 > 236: 3 (3.0)
|   |   |   |   |   |   |   |   |   |   |   ellipse_angle14 > 173.04155: 5 (4.0/1.0)
|   |   |   |   |   |   |   |   |   |   centroid_y4 > 140
|   |   |   |   |   |   |   |   |   |   |   contour_area_ratio10 <= 0.76943
|   |   |   |   |   |   |   |   |   |   |   |   hu_moment_35 <= 0.000879
|   |   |   |   |   |   |   |   |   |   |   |   |   centroid_x11 <= 221: 6 (17.0/1.0)
|   |   |   |   |   |   |   |   |   |   |   |   |   centroid_x11 > 221: 5 (3.0)
|   |   |   |   |   |   |   |   |   |   |   |   hu_moment_35 > 0.000879
|   |   |   |   |   |   |   |   |   |   |   |   |   centroid_y5 <= 149: 3 (6.0/1.0)
|   |   |   |   |   |   |   |   |   |   |   |   |   centroid_y5 > 149: 6 (2.0)
|   |   |   |   |   |   |   |   |   |   |   contour_area_ratio10 > 0.76943: 0 (4.0/1.0)
|   |   |   |   |   |   |   |   hu_moment_215 > 0.006465
|   |   |   |   |   |   |   |   |   centroid_y0 <= 136: 5 (5.0)
|   |   |   |   |   |   |   |   |   centroid_y0 > 136: 0 (4.0/1.0)
|   |   |   |   |   |   hu_moment_314 > 0.001956: 8 (7.0)
|   |   |   |   |   hu_moment_216 > 0.009419
|   |   |   |   |   |   hu_moment_49 <= 0.000123
|   |   |   |   |   |   |   centroid_x13 <= 165: 6 (54.0/1.0)
|   |   |   |   |   |   |   centroid_x13 > 165: 8 (13.0/1.0)
|   |   |   |   |   |   hu_moment_49 > 0.000123: 0 (3.0/2.0)
|   |   |   convex_hull_perimeter0 > 772.22689
|   |   |   |   centroid_x16 <= 258
|   |   |   |   |   hu_moment_41 <= 0.000027
|   |   |   |   |   |   contour_area_ratio14 <= 0.618251: 3 (7.0)
|   |   |   |   |   |   contour_area_ratio14 > 0.618251
|   |   |   |   |   |   |   contour_area_ratio3 <= 0.739532
|   |   |   |   |   |   |   |   hu_moment_28 <= 0.012067
|   |   |   |   |   |   |   |   |   ellipse_angle15 <= 141.024841
|   |   |   |   |   |   |   |   |   |   contour_area_ratio2 <= 0.60246: 8 (4.0)
|   |   |   |   |   |   |   |   |   |   contour_area_ratio2 > 0.60246: 5 (5.0/1.0)
|   |   |   |   |   |   |   |   |   ellipse_angle15 > 141.024841: 5 (30.0)
|   |   |   |   |   |   |   |   hu_moment_28 > 0.012067: 6 (2.0/1.0)
|   |   |   |   |   |   |   contour_area_ratio3 > 0.739532
|   |   |   |   |   |   |   |   contour_area_ratio0 <= 0.729804: 3 (4.0)
|   |   |   |   |   |   |   |   contour_area_ratio0 > 0.729804: 5 (3.0)
|   |   |   |   |   hu_moment_41 > 0.000027: 8 (2.0)
|   |   |   |   centroid_x16 > 258
|   |   |   |   |   centroid_y5 <= 104: 6 (3.0/1.0)
|   |   |   |   |   centroid_y5 > 104: 2 (2.0)
|   contour_area_ratio2 > 0.812287
|   |   centroid_y10 <= 98
|   |   |   centroid_y11 <= 94
|   |   |   |   centroid_x9 <= 259: 2 (3.0)
|   |   |   |   centroid_x9 > 259: 4 (2.0/1.0)
|   |   |   centroid_y11 > 94: 7 (2.0)
|   |   centroid_y10 > 98
|   |   |   hu_moment_34 <= 0.000079: 2 (3.0)
|   |   |   hu_moment_34 > 0.000079
|   |   |   |   centroid_x10 <= 243
|   |   |   |   |   centroid_y0 <= 156: 0 (68.0/2.0)
|   |   |   |   |   centroid_y0 > 156: 6 (3.0/1.0)
|   |   |   |   centroid_x10 > 243
|   |   |   |   |   rectangle_area_ratio8 <= 0.771265: 3 (3.0)
|   |   |   |   |   rectangle_area_ratio8 > 0.771265: 8 (2.0)

Number of Leaves  :   109

Size of the tree :  217


Time taken to build model: 0.76 seconds

=== Stratified cross-validation ===
=== Summary ===

Correctly Classified Instances         564               62.6667 %
Incorrectly Classified Instances       336               37.3333 %
Kappa statistic                          0.58  
Mean absolute error                      0.086 
Root mean squared error                  0.2756
Relative absolute error                 43.5615 %
Root relative squared error             87.7001 %
Total Number of Instances              900     

=== Detailed Accuracy By Class ===

               TP Rate   FP Rate   Precision   Recall  F-Measure   ROC Area  Class
                 0.66      0.036      0.695     0.66      0.677      0.837    0
                 0.71      0.059      0.602     0.71      0.651      0.847    1
                 0.59      0.043      0.634     0.59      0.611      0.779    2
                 0.68      0.055      0.607     0.68      0.642      0.831    3
                 0.64      0.038      0.681     0.64      0.66       0.827    4
                 0.56      0.061      0.533     0.56      0.546      0.734    5
                 0.67      0.033      0.72      0.67      0.694      0.832    6
                 0.61      0.044      0.635     0.61      0.622      0.797    7
                 0.52      0.053      0.553     0.52      0.536      0.763    8
Weighted Avg.    0.627     0.047      0.629     0.627     0.627      0.805

=== Confusion Matrix ===

  a  b  c  d  e  f  g  h  i   <-- classified as
 66  0  7  9  1  3  6  2  6 |  a = 0
  1 71  2  1  7  5  0 10  3 |  b = 1
  9 10 59  3  2  7  2  3  5 |  c = 2
  5  1  3 68  0 10  8  0  5 |  d = 3
  2 13  1  2 64  6  1  9  2 |  e = 4
  4  5  3 11  6 56  2  4  9 |  f = 5
  4  2  4 11  0  5 67  1  6 |  g = 6
  1 12  5  1  8  5  1 61  6 |  h = 7
  3  4  9  6  6  8  6  6 52 |  i = 8