=== Run information ===

Scheme:weka.classifiers.lazy.IBk -K 1 -W 0 -A "weka.core.neighboursearch.LinearNNSearch -A \"weka.core.EuclideanDistance -R first-last\""
Relation:     handGestures
Instances:    900
Attributes:   239
[list of attributes omitted]
Test mode:10-fold cross-validation

=== Classifier model (full training set) ===

IB1 instance-based classifier
using 1 nearest neighbour(s) for classification


Time taken to build model: 0 seconds

=== Stratified cross-validation ===
=== Summary ===

Correctly Classified Instances         649               72.1111 %
Incorrectly Classified Instances       251               27.8889 %
Kappa statistic                          0.6863
Mean absolute error                      0.0635
Root mean squared error                  0.2476
Relative absolute error                 32.1291 %
Root relative squared error             78.7861 %
Total Number of Instances              900     

=== Detailed Accuracy By Class ===

               TP Rate   FP Rate   Precision   Recall  F-Measure   ROC Area  Class
                 0.73      0.009      0.913     0.73      0.811      0.861    0
                 0.8       0.03       0.769     0.8       0.784      0.885    1
                 0.8       0.031      0.762     0.8       0.78       0.884    2
                 0.73      0.03       0.753     0.73      0.741      0.85     3
                 0.73      0.043      0.682     0.73      0.705      0.844    4
                 0.69      0.041      0.676     0.69      0.683      0.824    5
                 0.76      0.045      0.679     0.76      0.717      0.858    6
                 0.62      0.026      0.747     0.62      0.678      0.797    7
                 0.63      0.059      0.573     0.63      0.6        0.786    8
Weighted Avg.    0.721     0.035      0.728     0.721     0.722      0.843

=== Confusion Matrix ===

  a  b  c  d  e  f  g  h  i   <-- classified as
 73  1  3  7  0  5 11  0  0 |  a = 0
  0 80  2  1  8  0  0  4  5 |  b = 1
  0  4 80  0  1  4  3  2  6 |  c = 2
  4  0  4 73  1  8  8  0  2 |  d = 3
  0 11  1  0 73  5  1  9  0 |  e = 4
  1  2  1  6  5 69  2  1 13 |  f = 5
  2  0  3  8  1  1 76  0  9 |  g = 6
  0  3  3  0 17  2  1 62 12 |  h = 7
  0  3  8  2  1  8 10  5 63 |  i = 8

