=== Run information ===

Scheme:weka.classifiers.lazy.IBk -K 2 -W 0 -A "weka.core.neighboursearch.LinearNNSearch -A \"weka.core.ManhattanDistance -R first-last\""
Relation:     handGestures
Instances:    900
Attributes:   239
[list of attributes omitted]
Test mode:10-fold cross-validation

=== Classifier model (full training set) ===

IB1 instance-based classifier
using 2 nearest neighbour(s) for classification


Time taken to build model: 0 seconds

=== Stratified cross-validation ===
=== Summary ===

Correctly Classified Instances         681               75.6667 %
Incorrectly Classified Instances       219               24.3333 %
Kappa statistic                          0.7263
Mean absolute error                      0.0571
Root mean squared error                  0.1983
Relative absolute error                 28.895  %
Root relative squared error             63.0981 %
Total Number of Instances              900     

=== Detailed Accuracy By Class ===

               TP Rate   FP Rate   Precision   Recall  F-Measure   ROC Area  Class
                 0.86      0.026      0.804     0.86      0.831      0.926    0
                 0.88      0.04       0.733     0.88      0.8        0.933    1
                 0.83      0.04       0.722     0.83      0.772      0.919    2
                 0.84      0.041      0.718     0.84      0.774      0.924    3
                 0.82      0.039      0.726     0.82      0.77       0.928    4
                 0.63      0.04       0.663     0.63      0.646      0.883    5
                 0.8       0.021      0.825     0.8       0.812      0.946    6
                 0.64      0.015      0.842     0.64      0.727      0.929    7
                 0.51      0.011      0.85      0.51      0.638      0.846    8
Weighted Avg.    0.757     0.03       0.765     0.757     0.752      0.915

=== Confusion Matrix ===

  a  b  c  d  e  f  g  h  i   <-- classified as
 86  0  2  6  0  3  3  0  0 |  a = 0
  0 88  0  0  9  1  0  0  2 |  b = 1
  3  5 83  0  1  4  3  1  0 |  c = 2
  6  0  2 84  1  3  3  0  1 |  d = 3
  0 12  1  0 82  1  1  3  0 |  e = 4
  6  5  4 13  4 63  1  1  3 |  f = 5
  6  0  3 10  0  0 80  0  1 |  g = 6
  0  6 10  0 15  2  1 64  2 |  h = 7
  0  4 10  4  1 18  5  7 51 |  i = 8

