=== Run information ===

Scheme:weka.classifiers.lazy.IBk -K 3 -W 0 -A "weka.core.neighboursearch.LinearNNSearch -A \"weka.core.EuclideanDistance -R first-last\""
Relation:     handGestures
Instances:    900
Attributes:   239
[list of attributes omitted]
Test mode:10-fold cross-validation

=== Classifier model (full training set) ===

IB1 instance-based classifier
using 3 nearest neighbour(s) for classification


Time taken to build model: 0 seconds

=== Stratified cross-validation ===
=== Summary ===

Correctly Classified Instances         640               71.1111 %
Incorrectly Classified Instances       260               28.8889 %
Kappa statistic                          0.675 
Mean absolute error                      0.0753
Root mean squared error                  0.2153
Relative absolute error                 38.1458 %
Root relative squared error             68.5083 %
Total Number of Instances              900     

=== Detailed Accuracy By Class ===

               TP Rate   FP Rate   Precision   Recall  F-Measure   ROC Area  Class
                 0.78      0.025      0.796     0.78      0.788      0.914    0
                 0.84      0.05       0.677     0.84      0.75       0.933    1
                 0.81      0.041      0.711     0.81      0.757      0.934    2
                 0.72      0.044      0.673     0.72      0.696      0.917    3
                 0.7       0.043      0.673     0.7       0.686      0.912    4
                 0.63      0.044      0.643     0.63      0.636      0.874    5
                 0.71      0.029      0.755     0.71      0.732      0.929    6
                 0.68      0.021      0.8       0.68      0.735      0.913    7
                 0.53      0.029      0.697     0.53      0.602      0.83     8
Weighted Avg.    0.711     0.036      0.714     0.711     0.709      0.906

=== Confusion Matrix ===

  a  b  c  d  e  f  g  h  i   <-- classified as
 78  2  4  7  0  4  5  0  0 |  a = 0
  1 84  1  0  8  0  0  2  4 |  b = 1
  3  6 81  1  1  2  3  1  2 |  c = 2
  8  2  2 72  1  8  6  0  1 |  d = 3
  0 15  2  0 70  3  1  9  0 |  e = 4
  1  8  3  7 10 63  2  1  5 |  f = 5
  5  0  4 12  0  2 71  0  6 |  g = 6
  0  2  8  0 12  4  1 68  5 |  h = 7
  2  5  9  8  2 12  5  4 53 |  i = 8

