=== Run information ===

Scheme:weka.classifiers.functions.LibSVM -S 0 -K 2 -D 3 -G 0.0 -R 0.0 -N 0.5 -M 40.0 -C 1.0 -E 0.001 -P 0.1 -seed 1
Relation:     handGestures
Instances:    900
Attributes:   239
[list of attributes omitted]
Test mode:10-fold cross-validation

=== Classifier model (full training set) ===

LibSVM wrapper, original code by Yasser EL-Manzalawy (= WLSVM)

Time taken to build model: 1.91 seconds

=== Stratified cross-validation ===
=== Summary ===

Correctly Classified Instances         118               13.1111 %
Incorrectly Classified Instances       782               86.8889 %
Kappa statistic                          0.0225
Mean absolute error                      0.1931
Root mean squared error                  0.4394
Relative absolute error                 97.75   %
Root relative squared error            139.8213 %
Total Number of Instances              900     

=== Detailed Accuracy By Class ===

               TP Rate   FP Rate   Precision   Recall  F-Measure   ROC Area  Class
                 0.04      0          1         0.04      0.077      0.52     0
                 0         0          0         0         0          0.5      1
                 0.2       0.199      0.112     0.2       0.143      0.501    2
                 0.8       0.77       0.115     0.8       0.201      0.515    3
                 0.02      0.004      0.4       0.02      0.038      0.508    4
                 0.04      0.001      0.8       0.04      0.076      0.519    5
                 0.02      0.001      0.667     0.02      0.039      0.509    6
                 0.02      0.001      0.667     0.02      0.039      0.509    7
                 0.04      0.001      0.8       0.04      0.076      0.519    8
Weighted Avg.    0.131     0.109      0.507     0.131     0.077      0.511

=== Confusion Matrix ===

  a  b  c  d  e  f  g  h  i   <-- classified as
  4  0 20 76  0  0  0  0  0 |  a = 0
  0  0 19 79  1  0  0  1  0 |  b = 1
  0  0 20 79  1  0  0  0  0 |  c = 2
  0  0 20 80  0  0  0  0  0 |  d = 3
  0  0 21 77  2  0  0  0  0 |  e = 4
  0  0 19 77  0  4  0  0  0 |  f = 5
  0  0 20 77  0  0  2  0  1 |  g = 6
  0  0 19 78  1  0  0  2  0 |  h = 7
  0  0 21 73  0  1  1  0  4 |  i = 8