=== Run information ===

Scheme:weka.classifiers.functions.LibSVM -S 0 -K 1 -D 3 -G 0.0 -R 0.0 -N 0.5 -M 40.0 -C 1.0 -E 0.001 -P 0.1 -seed 1
Relation:     handGestures
Instances:    900
Attributes:   239
[list of attributes omitted]
Test mode:10-fold cross-validation

=== Classifier model (full training set) ===

LibSVM wrapper, original code by Yasser EL-Manzalawy (= WLSVM)

Time taken to build model: 43.93 seconds

=== Stratified cross-validation ===
=== Summary ===

Correctly Classified Instances         475               52.7778 %
Incorrectly Classified Instances       425               47.2222 %
Kappa statistic                          0.4688
Mean absolute error                      0.1049
Root mean squared error                  0.3239
Relative absolute error                 53.125  %
Root relative squared error            103.0776 %
Total Number of Instances              900     

=== Detailed Accuracy By Class ===

               TP Rate   FP Rate   Precision   Recall  F-Measure   ROC Area  Class
                 0.58      0.056      0.563     0.58      0.571      0.762    0
                 0.49      0.079      0.438     0.49      0.462      0.706    1
                 0.65      0.066      0.551     0.65      0.596      0.792    2
                 0.52      0.049      0.571     0.52      0.545      0.736    3
                 0.47      0.034      0.635     0.47      0.54       0.718    4
                 0.44      0.061      0.473     0.44      0.456      0.689    5
                 0.55      0.053      0.567     0.55      0.558      0.749    6
                 0.44      0.056      0.494     0.44      0.466      0.692    7
                 0.61      0.078      0.496     0.61      0.547      0.766    8
Weighted Avg.    0.528     0.059      0.532     0.528     0.527      0.734

=== Confusion Matrix ===

  a  b  c  d  e  f  g  h  i   <-- classified as
 58  0  7 11  0  6 17  0  1 |  a = 0
  0 49  1  0 18  4  0 24  4 |  b = 1
  2  3 65  3  0  6  4  3 14 |  c = 2
 17  2  7 52  0  5 13  0  4 |  d = 3
  1 25  3  1 47  3  0 16  4 |  e = 4
  3  3 11  8  1 44  2  0 28 |  f = 5
 18  0  4 15  1  2 55  0  5 |  g = 6
  0 30 12  0  6  6  0 44  2 |  h = 7
  4  0  8  1  1 17  6  2 61 |  i = 8

